==> swift test --enable-code-coverage
==> swift test --enable-code-coverage
[0/1] Planning build
Building for debugging...
[0/6] Write swift-version--58304C5D6DBC2206.txt
[2/84] Compiling OuroMDCore MarkdownTidy.swift
[3/84] Compiling OuroMDCore OuroMDRelease.swift
[4/84] Emitting module OuroMDAppSupport
[5/84] Emitting module OuroMDCore
[6/84] Compiling OuroMDAppSupport CommandPaletteCatalog.swift
[7/84] Compiling OuroMDCore HTMLDocument.swift
[8/84] Emitting module OuroAppShellCore
[9/84] Compiling OuroAppShellCore ShellBoundary.swift
[10/84] Compiling OuroAppShellCore ReleaseAssetNamingPolicy.swift
[11/86] Compiling Markdown BlockContainer.swift
[12/86] Compiling Markdown BlockMarkup.swift
[13/86] Compiling Markdown InlineContainer.swift
[14/86] Compiling Markdown InlineMarkup.swift
[15/86] Compiling Markdown ListItemContainer.swift
[16/86] Compiling Markdown AtomicCounter.swift
[17/86] Compiling Markdown CharacterExtensions.swift
[18/93] Compiling OuroAppShellCore ReleaseUpdatePolicy.swift
[19/93] Compiling OuroAppShellCore ReleaseVersionIdentity.swift
[20/93] Compiling OuroAppShellCore AppIdentity.swift
[21/93] Compiling OuroAppShellCore AppUpdate.swift
[22/93] Compiling OuroAppShellCore ReleaseUpdate.swift
[23/93] Compiling Markdown LazySplitLines.swift
[24/93] Compiling Markdown ParseOptions.swift
[25/93] Compiling Markdown RangeAdjuster.swift
[26/93] Compiling Markdown RangerTracker.swift
[27/93] Compiling Markdown MarkupRewriter.swift
[28/93] Compiling Markdown BasicBlockContainer.swift
[29/93] Compiling Markdown BasicInlineContainer.swift
[30/93] Compiling Markdown InlineAttributes.swift
[31/93] Compiling Markdown Link.swift
[32/93] Compiling Markdown Strikethrough.swift
[33/93] Compiling Markdown Strong.swift
[34/93] Compiling Markdown CustomInline.swift
[35/93] Compiling Markdown InlineCode.swift
[36/93] Compiling Markdown InlineHTML.swift
[37/93] Compiling OuroMDAppSupportTests CommandPaletteCatalogTests.swift
[38/93] Emitting module OuroMDAppSupportTests
[39/95] Compiling Markdown PlainTextConvertibleMarkup.swift
[40/95] Compiling Markdown RawMarkup.swift
[41/95] Compiling Markdown BlockDirective.swift
[42/95] Compiling Markdown BlockQuote.swift
[43/95] Compiling Markdown CustomBlock.swift
[44/95] Compiling Markdown DoxygenAbstract.swift
[45/95] Compiling Markdown DoxygenDiscussion.swift
[46/102] Emitting module OuroAppShellContract
[47/102] Compiling OuroAppShellUI UpdateInstalledConfirmationView.swift
[48/102] Compiling OuroAppShellUI ReleaseUpdateViewState.swift
[49/102] Compiling OuroAppShellUI ReleaseUpdateControls.swift
[50/102] Compiling OuroAppShellUI AppShellAboutView.swift
[51/102] Compiling OuroAppShellUI AppShellAboutModel.swift
[52/102] Emitting module OuroAppShellUI
[53/102] Compiling OuroAppShellUI AppShellCommandReferenceView.swift
[54/104] Compiling OuroAppShellContract OuroAppShellContract.swift
[55/104] Compiling Markdown CollectionExtensions.swift
[56/104] Compiling Markdown StringExtensions.swift
[57/104] Compiling Markdown MarkupVisitor.swift
[58/104] Compiling Markdown MarkupWalker.swift
[59/104] Compiling Markdown HTMLFormatter.swift
[60/104] Compiling Markdown MarkupFormatter.swift
[61/104] Compiling Markdown MarkupTreeDumper.swift
[62/106] Compiling OuroAppShellAppKit AppShellWindowPresenter.swift
[63/106] Emitting module OuroAppShellAppKit
[64/106] Emitting module OuroAppShellConsumerTesting
[65/106] Compiling OuroAppShellConsumerTesting OuroAppShellContractAssertions.swift
[66/106] Compiling Markdown CodeBlock.swift
[67/106] Compiling Markdown HTMLBlock.swift
[68/106] Compiling Markdown Heading.swift
[69/106] Compiling Markdown ThematicBreak.swift
[70/106] Compiling Markdown Table.swift
[71/106] Compiling Markdown TableBody.swift
[72/106] Compiling Markdown TableCell.swift
[73/106] Compiling Markdown DoxygenNote.swift
[74/106] Compiling Markdown DoxygenParameter.swift
[75/106] Compiling Markdown DoxygenReturns.swift
[76/106] Compiling Markdown ListItem.swift
[77/106] Compiling Markdown OrderedList.swift
[78/106] Compiling Markdown UnorderedList.swift
[79/106] Compiling Markdown Paragraph.swift
[80/106] Compiling Markdown TableCellContainer.swift
[81/106] Compiling Markdown TableHead.swift
[82/106] Compiling Markdown TableRow.swift
[83/106] Compiling Markdown Replacement.swift
[84/106] Compiling Markdown SourceLocation.swift
[85/106] Compiling Markdown Emphasis.swift
[86/106] Compiling Markdown Image.swift
[87/106] Compiling Markdown ChildIndexPath.swift
[88/106] Compiling Markdown DirectiveArgument.swift
[89/106] Compiling Markdown Document.swift
[90/106] Compiling Markdown LiteralMarkup.swift
[91/106] Compiling Markdown Markup.swift
[92/106] Compiling Markdown MarkupChildren.swift
[93/106] Compiling Markdown MarkupData.swift
[94/106] Compiling Markdown LineBreak.swift
[95/106] Compiling Markdown SoftBreak.swift
[96/106] Compiling Markdown SymbolLink.swift
[97/106] Compiling Markdown Text.swift
[98/106] Compiling Markdown Aside.swift
[99/106] Compiling Markdown BlockDirectiveParser.swift
[100/106] Compiling Markdown CommonMarkConverter.swift
[101/106] Emitting module Markdown
[102/157] Compiling OuroMD OuroMDUpdate.swift
[103/157] Compiling OuroMD OuroMDUpdateCoordinator.swift
[104/157] Compiling OuroMD OuroMDUpdateInstaller.swift
[105/157] Compiling OuroMD OuroResources.swift
[106/157] Compiling OuroMD PerformanceProbe.swift
[107/157] Compiling OuroMD CodeWrapTest.swift
[108/157] Compiling OuroMD CommandPaletteCatalogAdapter.swift
[109/157] Compiling OuroMD ContentSearcher.swift
[110/157] Compiling OuroMD ContentView.swift
[111/157] Compiling OuroMD CopyFlavorTest.swift
[112/157] Compiling OuroMD DarkDiagramTest.swift
[113/157] Compiling OuroMD Themes.swift
[114/157] Compiling OuroMD UISurfaceTest.swift
[115/157] Compiling OuroMD UndoRedoCommandRouter.swift
[116/157] Compiling OuroMD UndoTest.swift
[117/157] Compiling OuroMD VisualQATest.swift
[118/162] Compiling OuroMD DocumentWindowController.swift
[119/162] Compiling OuroMD EditorSurfaceTest.swift
[120/162] Compiling OuroMD EditorWebView.swift
[121/162] Compiling OuroMD Export.swift
[122/162] Compiling OuroMD FileWatcher.swift
[123/162] Compiling OuroMD FirstLaunchTest.swift
[124/162] Compiling OuroMD Welcome.swift
[125/162] Compiling OuroMD WrapGlueProbe.swift
[126/162] Compiling OuroMD WrapTest.swift
[127/162] Compiling OuroMD main.swift
[128/162] Compiling OuroMD resource_bundle_accessor.swift
[129/162] Compiling OuroMD FolderBrowser.swift
[130/162] Compiling OuroMD FolderDisplay.swift
[131/162] Compiling OuroMD HeadlessHarness.swift
[132/162] Compiling OuroMD LinkTest.swift
[133/162] Compiling OuroMD LiveUpdateTest.swift
[134/162] Compiling OuroMD MarkdownParityTest.swift
[135/162] Emitting module OuroMD
[136/162] Compiling OuroMD AccessibilityAuditTest.swift
[137/162] Compiling OuroMD AlertMarkerTest.swift
[138/162] Compiling OuroMD AppDelegate.swift
[139/162] Compiling OuroMD AppInfoView.swift
[140/162] Compiling OuroMD AppModel.swift
[141/162] Compiling OuroMD CLI.swift
[142/162] Compiling OuroMD ReleaseUpdate.swift
[143/162] Compiling OuroMD ReloadRenderTest.swift
[144/162] Compiling OuroMD RenderProbe.swift
[145/162] Compiling OuroMD RoundTrip.swift
[146/162] Compiling OuroMD SearchRevealTest.swift
[147/162] Compiling OuroMD MarkdownRenderer.swift
[148/162] Compiling OuroMD MenuBuilder.swift
[149/162] Compiling OuroMD MermaidClipTest.swift
[150/162] Compiling OuroMD OuroMDShellAdapter.swift
[151/162] Compiling OuroMD OuroMDShellContract.swift
[152/162] Compiling OuroMD OuroMDTelemetry.swift
[153/162] Compiling OuroMD SelectionBlurTest.swift
[154/162] Compiling OuroMD Sidebar.swift
[155/162] Compiling OuroMD Snapshot.swift
[156/162] Compiling OuroMD TableWrapTest.swift
[157/162] Compiling OuroMD TerminationSaveCoordinator.swift
[157/162] Write Objects.LinkFileList
[158/162] Linking ouro-md
[159/162] Applying ouro-md
[161/186] Compiling OuroMDTests TableLayoutPolicyTests.swift
[162/186] Compiling OuroMDTests TerminationSaveCoordinatorTests.swift
[163/186] Emitting module OuroMDTests
[164/186] Compiling OuroMDTests AppDelegateLaunchTests.swift
[165/186] Compiling OuroMDTests AppDelegateWindowRoutingTests.swift
[166/186] Compiling OuroMDTests AppModelDeletionTests.swift
[167/186] Compiling OuroMDTests OuroMDUpdateInstallerTests.swift
[168/186] Compiling OuroMDTests OuroMDUpdateTests.swift
[169/186] Compiling OuroMDTests OutlineTreeTests.swift
[170/186] Compiling OuroMDTests ReleaseUpdateTests.swift
[171/186] Compiling OuroMDTests DocumentWindowControllerTests.swift
[172/186] Compiling OuroMDTests EditorWebViewTests.swift
[173/186] Compiling OuroMDTests FileWatcherTests.swift
[174/186] Compiling OuroMDTests FolderBrowserTests.swift
[175/186] Compiling OuroMDTests FolderDisplayTests.swift
[176/186] Compiling OuroMDTests HTMLDocumentTests.swift
[177/186] Compiling OuroMDTests MarkdownRendererTests.swift
[178/186] Compiling OuroMDTests MarkdownTidyTests.swift
[179/186] Compiling OuroMDTests OuroMDShellContractTests.swift
[180/188] Compiling OuroMDTests AppModelReloadTests.swift
[181/188] Compiling OuroMDTests CommandPaletteTests.swift
[182/188] Compiling OuroMDTests ContentSearcherTests.swift
[183/188] Compiling OuroMDTests OuroMDTelemetryTests.swift
[184/188] Compiling OuroMDTests OuroMDUpdateCoordinatorTests.swift
[185/188] Compiling OuroMDTests ThemeAccessibilityTests.swift
[186/188] Compiling OuroMDTests UndoRedoRoutingTests.swift
[187/190] Compiling ouro_mdPackageTests runner.swift
[188/190] Emitting module ouro_mdPackageTests
[188/190] Write Objects.LinkFileList
[189/190] Linking ouro-mdPackageTests
Build complete! (9.02s)
Test Suite 'All tests' started at 2026-06-30 18:00:59.898.
Test Suite 'ouro-mdPackageTests.xctest' started at 2026-06-30 18:00:59.898.
Test Suite 'AppDelegateLaunchTests' started at 2026-06-30 18:00:59.898.
Test Case '-[OuroMDTests.AppDelegateLaunchTests testOpensNewDocumentWhenNothingToRestore]' started.
Test Case '-[OuroMDTests.AppDelegateLaunchTests testOpensNewDocumentWhenNothingToRestore]' passed (0.001 seconds).
Test Case '-[OuroMDTests.AppDelegateLaunchTests testRestoresSessionWhenOneExistsAndNoDocumentOpened]' started.
Test Case '-[OuroMDTests.AppDelegateLaunchTests testRestoresSessionWhenOneExistsAndNoDocumentOpened]' passed (0.000 seconds).
Test Case '-[OuroMDTests.AppDelegateLaunchTests testSkipsFallbackWhenADocumentAlreadyOpened]' started.
Test Case '-[OuroMDTests.AppDelegateLaunchTests testSkipsFallbackWhenADocumentAlreadyOpened]' passed (0.000 seconds).
Test Suite 'AppDelegateLaunchTests' passed at 2026-06-30 18:00:59.899.
	 Executed 3 tests, with 0 failures (0 unexpected) in 0.001 (0.001) seconds
Test Suite 'AppDelegateWindowRoutingTests' started at 2026-06-30 18:00:59.900.
Test Case '-[OuroMDTests.AppDelegateWindowRoutingTests testApplicationOpenReusesCleanUntitledFrontWindowThenOpensNewWindows]' started.
Test Case '-[OuroMDTests.AppDelegateWindowRoutingTests testApplicationOpenReusesCleanUntitledFrontWindowThenOpensNewWindows]' passed (0.505 seconds).
Test Case '-[OuroMDTests.AppDelegateWindowRoutingTests testSaveAndRenameCommandsTargetKeyWindowOnly]' started.
Test Case '-[OuroMDTests.AppDelegateWindowRoutingTests testSaveAndRenameCommandsTargetKeyWindowOnly]' passed (0.316 seconds).
Test Case '-[OuroMDTests.AppDelegateWindowRoutingTests testSidebarAndThemeCommandsTargetKeyWindowOnly]' started.
Test Case '-[OuroMDTests.AppDelegateWindowRoutingTests testSidebarAndThemeCommandsTargetKeyWindowOnly]' passed (0.216 seconds).
Test Suite 'AppDelegateWindowRoutingTests' passed at 2026-06-30 18:01:00.937.
	 Executed 3 tests, with 0 failures (0 unexpected) in 1.037 (1.038) seconds
Test Suite 'AppModelDeletionTests' started at 2026-06-30 18:01:00.937.
Test Case '-[OuroMDTests.AppModelDeletionTests testDeletedFileSurfacesAsDeletedNotAsUnsavedEdit]' started.
Test Case '-[OuroMDTests.AppModelDeletionTests testDeletedFileSurfacesAsDeletedNotAsUnsavedEdit]' passed (0.855 seconds).
Test Case '-[OuroMDTests.AppModelDeletionTests testRecreatedFileClearsDeletedMarker]' started.
Test Case '-[OuroMDTests.AppModelDeletionTests testRecreatedFileClearsDeletedMarker]' passed (1.283 seconds).
Test Case '-[OuroMDTests.AppModelDeletionTests testTransientAtomicSaveGapIsNotFlaggedAsDeleted]' started.
Test Case '-[OuroMDTests.AppModelDeletionTests testTransientAtomicSaveGapIsNotFlaggedAsDeleted]' passed (1.520 seconds).
Test Suite 'AppModelDeletionTests' passed at 2026-06-30 18:01:04.596.
	 Executed 3 tests, with 0 failures (0 unexpected) in 3.658 (3.659) seconds
Test Suite 'AppModelReloadTests' started at 2026-06-30 18:01:04.596.
Test Case '-[OuroMDTests.AppModelReloadTests testAppearanceSelectionRemembersLightThemeAcrossModelRecreation]' started.
Test Case '-[OuroMDTests.AppModelReloadTests testAppearanceSelectionRemembersLightThemeAcrossModelRecreation]' passed (0.002 seconds).
Test Case '-[OuroMDTests.AppModelReloadTests testCleanPerformSaveCompletesWithoutRoundTripThroughEditor]' started.
Test Case '-[OuroMDTests.AppModelReloadTests testCleanPerformSaveCompletesWithoutRoundTripThroughEditor]' passed (0.002 seconds).
Test Case '-[OuroMDTests.AppModelReloadTests testCleanSaveDoesNotRoundTripThroughEditor]' started.
Test Case '-[OuroMDTests.AppModelReloadTests testCleanSaveDoesNotRoundTripThroughEditor]' passed (0.002 seconds).
Test Case '-[OuroMDTests.AppModelReloadTests testDirtyFormattingOnlySaveDoesNotRestoreOriginalBytes]' started.
Test Case '-[OuroMDTests.AppModelReloadTests testDirtyFormattingOnlySaveDoesNotRestoreOriginalBytes]' passed (0.004 seconds).
Test Case '-[OuroMDTests.AppModelReloadTests testEditorCrashRecoveryEmitsCompletionAfterRecoveredContentReachesBridge]' started.
Test Case '-[OuroMDTests.AppModelReloadTests testEditorCrashRecoveryEmitsCompletionAfterRecoveredContentReachesBridge]' passed (0.003 seconds).
Test Case '-[OuroMDTests.AppModelReloadTests testExternalEditBeforeEditorReadyQueuesReloadWithoutFalseCompletion]' started.
Test Case '-[OuroMDTests.AppModelReloadTests testExternalEditBeforeEditorReadyQueuesReloadWithoutFalseCompletion]' passed (0.004 seconds).
Test Case '-[OuroMDTests.AppModelReloadTests testExternalEditTriggersLiveReload]' started.
Test Case '-[OuroMDTests.AppModelReloadTests testExternalEditTriggersLiveReload]' passed (0.008 seconds).
Test Case '-[OuroMDTests.AppModelReloadTests testFailedDirtySaveAsRestoresPreviousURL]' started.
Test Case '-[OuroMDTests.AppModelReloadTests testFailedDirtySaveAsRestoresPreviousURL]' passed (0.010 seconds).
Test Case '-[OuroMDTests.AppModelReloadTests testFailedSaveAsRestoresPreviousURL]' started.
Test Case '-[OuroMDTests.AppModelReloadTests testFailedSaveAsRestoresPreviousURL]' passed (0.007 seconds).
Test Case '-[OuroMDTests.AppModelReloadTests testInitialUnreadableFileShowsErrorAndLoadsWelcome]' started.
Test Case '-[OuroMDTests.AppModelReloadTests testInitialUnreadableFileShowsErrorAndLoadsWelcome]' passed (0.006 seconds).
Test Case '-[OuroMDTests.AppModelReloadTests testInvalidFolderRegexSetsVisibleSearchError]' started.
Test Case '-[OuroMDTests.AppModelReloadTests testInvalidFolderRegexSetsVisibleSearchError]' passed (0.003 seconds).
Test Case '-[OuroMDTests.AppModelReloadTests testOpenFailureTelemetryIsCoarse]' started.
Test Case '-[OuroMDTests.AppModelReloadTests testOpenFailureTelemetryIsCoarse]' passed (0.001 seconds).
Test Case '-[OuroMDTests.AppModelReloadTests testOwnSaveDoesNotSelfReload]' started.
Test Case '-[OuroMDTests.AppModelReloadTests testOwnSaveDoesNotSelfReload]' passed (1.017 seconds).
Test Case '-[OuroMDTests.AppModelReloadTests testRenameCaseOnlyIsAllowed]' started.
Test Case '-[OuroMDTests.AppModelReloadTests testRenameCaseOnlyIsAllowed]' passed (0.002 seconds).
Test Case '-[OuroMDTests.AppModelReloadTests testRenameMovesFileAndRetargetsModel]' started.
Test Case '-[OuroMDTests.AppModelReloadTests testRenameMovesFileAndRetargetsModel]' passed (0.002 seconds).
Test Case '-[OuroMDTests.AppModelReloadTests testRenameRefusesCollision]' started.
Test Case '-[OuroMDTests.AppModelReloadTests testRenameRefusesCollision]' passed (0.002 seconds).
Test Case '-[OuroMDTests.AppModelReloadTests testRenameWithoutExtensionKeepsOriginal]' started.
Test Case '-[OuroMDTests.AppModelReloadTests testRenameWithoutExtensionKeepsOriginal]' passed (0.001 seconds).
Test Case '-[OuroMDTests.AppModelReloadTests testSaveAsCleanDocumentWritesNewDestination]' started.
Test Case '-[OuroMDTests.AppModelReloadTests testSaveAsCleanDocumentWritesNewDestination]' passed (0.002 seconds).
Test Case '-[OuroMDTests.AppModelReloadTests testSaveAsCleanNonUTF8DocumentCopiesOriginalBytes]' started.
Test Case '-[OuroMDTests.AppModelReloadTests testSaveAsCleanNonUTF8DocumentCopiesOriginalBytes]' passed (0.003 seconds).
Test Case '-[OuroMDTests.AppModelReloadTests testSaveAsDirtyDocumentWritesEditorBuffer]' started.
Test Case '-[OuroMDTests.AppModelReloadTests testSaveAsDirtyDocumentWritesEditorBuffer]' passed (0.005 seconds).
Test Case '-[OuroMDTests.AppModelReloadTests testSaveBeforeEditorReadyDoesNotEmptyFile]' started.
Test Case '-[OuroMDTests.AppModelReloadTests testSaveBeforeEditorReadyDoesNotEmptyFile]' passed (0.005 seconds).
Test Case '-[OuroMDTests.AppModelReloadTests testSaveWhenEditorValueUnavailableEmitsCoarseTelemetry]' started.
Test Case '-[OuroMDTests.AppModelReloadTests testSaveWhenEditorValueUnavailableEmitsCoarseTelemetry]' passed (0.004 seconds).
Test Case '-[OuroMDTests.AppModelReloadTests testSaveWithoutBridgeEmitsCoarseTelemetry]' started.
Test Case '-[OuroMDTests.AppModelReloadTests testSaveWithoutBridgeEmitsCoarseTelemetry]' passed (0.004 seconds).
Test Case '-[OuroMDTests.AppModelReloadTests testSearchSnippetClickRevealsCurrentFileMatch]' started.
Test Case '-[OuroMDTests.AppModelReloadTests testSearchSnippetClickRevealsCurrentFileMatch]' passed (0.004 seconds).
Test Case '-[OuroMDTests.AppModelReloadTests testSearchSnippetRevealUsesTrimmedQueryForPaddedFolderSearch]' started.
Test Case '-[OuroMDTests.AppModelReloadTests testSearchSnippetRevealUsesTrimmedQueryForPaddedFolderSearch]' passed (0.006 seconds).
Test Suite 'AppModelReloadTests' passed at 2026-06-30 18:01:05.708.
	 Executed 25 tests, with 0 failures (0 unexpected) in 1.110 (1.113) seconds
Test Suite 'CommandPaletteCatalogTests' started at 2026-06-30 18:01:05.708.
Test Case '-[OuroMDAppSupportTests.CommandPaletteCatalogTests testCatalogCarriesShortcutMetadataForPowerUserDiscovery]' started.
Test Case '-[OuroMDAppSupportTests.CommandPaletteCatalogTests testCatalogCarriesShortcutMetadataForPowerUserDiscovery]' passed (0.001 seconds).
Test Case '-[OuroMDAppSupportTests.CommandPaletteCatalogTests testCatalogFiltersByMultipleTermsShortcutAliasesAndLimits]' started.
Test Case '-[OuroMDAppSupportTests.CommandPaletteCatalogTests testCatalogFiltersByMultipleTermsShortcutAliasesAndLimits]' passed (0.005 seconds).
Test Case '-[OuroMDAppSupportTests.CommandPaletteCatalogTests testCatalogHonorsResultLimit]' started.
Test Case '-[OuroMDAppSupportTests.CommandPaletteCatalogTests testCatalogHonorsResultLimit]' passed (0.000 seconds).
Test Case '-[OuroMDAppSupportTests.CommandPaletteCatalogTests testCatalogIncludesThemeCommandsFromDescriptors]' started.
Test Case '-[OuroMDAppSupportTests.CommandPaletteCatalogTests testCatalogIncludesThemeCommandsFromDescriptors]' passed (0.000 seconds).
Test Suite 'CommandPaletteCatalogTests' passed at 2026-06-30 18:01:05.715.
	 Executed 4 tests, with 0 failures (0 unexpected) in 0.007 (0.007) seconds
Test Suite 'CommandPaletteTests' started at 2026-06-30 18:01:05.715.
Test Case '-[OuroMDTests.CommandPaletteTests testCatalogCarriesShortcutMetadataForPowerUserDiscovery]' started.
Test Case '-[OuroMDTests.CommandPaletteTests testCatalogCarriesShortcutMetadataForPowerUserDiscovery]' passed (0.000 seconds).
Test Case '-[OuroMDTests.CommandPaletteTests testCatalogFiltersByMultipleTermsAndLimitsDefaultSuggestions]' started.
Test Case '-[OuroMDTests.CommandPaletteTests testCatalogFiltersByMultipleTermsAndLimitsDefaultSuggestions]' passed (0.005 seconds).
Test Case '-[OuroMDTests.CommandPaletteTests testCatalogIncludesEditorMenuCommandsWithoutShortcuts]' started.
Test Case '-[OuroMDTests.CommandPaletteTests testCatalogIncludesEditorMenuCommandsWithoutShortcuts]' passed (0.000 seconds).
Test Case '-[OuroMDTests.CommandPaletteTests testPaletteDispatchesFormatModeSidebarAndThemeActions]' started.
Test Case '-[OuroMDTests.CommandPaletteTests testPaletteDispatchesFormatModeSidebarAndThemeActions]' passed (0.001 seconds).
Test Case '-[OuroMDTests.CommandPaletteTests testPaletteVisibilityAndFindCommandsResetQuery]' started.
Test Case '-[OuroMDTests.CommandPaletteTests testPaletteVisibilityAndFindCommandsResetQuery]' passed (0.000 seconds).
Test Suite 'CommandPaletteTests' passed at 2026-06-30 18:01:05.723.
	 Executed 5 tests, with 0 failures (0 unexpected) in 0.007 (0.007) seconds
Test Suite 'ContentSearcherTests' started at 2026-06-30 18:01:05.723.
Test Case '-[OuroMDTests.ContentSearcherTests testAppModelPublishesSearchCancelAndFormatsSkippedFileUXState]' started.
Test Case '-[OuroMDTests.ContentSearcherTests testAppModelPublishesSearchCancelAndFormatsSkippedFileUXState]' passed (0.004 seconds).
Test Case '-[OuroMDTests.ContentSearcherTests testBinaryAndUnreadableMarkdownFilesAreSkippedWithoutLeakingPaths]' started.
Test Case '-[OuroMDTests.ContentSearcherTests testBinaryAndUnreadableMarkdownFilesAreSkippedWithoutLeakingPaths]' passed (0.008 seconds).
Test Case '-[OuroMDTests.ContentSearcherTests testCaseSensitiveOption]' started.
Test Case '-[OuroMDTests.ContentSearcherTests testCaseSensitiveOption]' passed (0.005 seconds).
Test Case '-[OuroMDTests.ContentSearcherTests testInvalidRegularExpressionReportsValidationError]' started.
Test Case '-[OuroMDTests.ContentSearcherTests testInvalidRegularExpressionReportsValidationError]' passed (0.004 seconds).
Test Case '-[OuroMDTests.ContentSearcherTests testMatchOrdinalCountsEarlierOccurrencesOnSameLine]' started.
Test Case '-[OuroMDTests.ContentSearcherTests testMatchOrdinalCountsEarlierOccurrencesOnSameLine]' passed (0.007 seconds).
Test Case '-[OuroMDTests.ContentSearcherTests testSearchCanBeCancelledBeforeCompletion]' started.
Test Case '-[OuroMDTests.ContentSearcherTests testSearchCanBeCancelledBeforeCompletion]' passed (1.412 seconds).
Test Case '-[OuroMDTests.ContentSearcherTests testStreamsRankedResultsWithSnippets]' started.
Test Case '-[OuroMDTests.ContentSearcherTests testStreamsRankedResultsWithSnippets]' passed (0.007 seconds).
Test Case '-[OuroMDTests.ContentSearcherTests testTruncatedSnippetKeepsSourceCoordinates]' started.
Test Case '-[OuroMDTests.ContentSearcherTests testTruncatedSnippetKeepsSourceCoordinates]' passed (0.006 seconds).
Test Suite 'ContentSearcherTests' passed at 2026-06-30 18:01:07.177.
	 Executed 8 tests, with 0 failures (0 unexpected) in 1.453 (1.454) seconds
Test Suite 'DocumentWindowControllerTests' started at 2026-06-30 18:01:07.177.
Test Case '-[OuroMDTests.DocumentWindowControllerTests testDocumentChromeAndTitleOpenAcrossSavedRenamedAndDeletedStates]' started.
Test Case '-[OuroMDTests.DocumentWindowControllerTests testDocumentChromeAndTitleOpenAcrossSavedRenamedAndDeletedStates]' passed (0.213 seconds).
Test Case '-[OuroMDTests.DocumentWindowControllerTests testTitleClickDragDecisionKeepsSmallMotionClickable]' started.
Test Case '-[OuroMDTests.DocumentWindowControllerTests testTitleClickDragDecisionKeepsSmallMotionClickable]' passed (0.000 seconds).
Test Case '-[OuroMDTests.DocumentWindowControllerTests testTitleClickDragDecisionTreatsThresholdAsDrag]' started.
Test Case '-[OuroMDTests.DocumentWindowControllerTests testTitleClickDragDecisionTreatsThresholdAsDrag]' passed (0.000 seconds).
Test Case '-[OuroMDTests.DocumentWindowControllerTests testTitleClickRoutesToOpenPanelInsteadOfRename]' started.
Test Case '-[OuroMDTests.DocumentWindowControllerTests testTitleClickRoutesToOpenPanelInsteadOfRename]' passed (0.225 seconds).
Test Suite 'DocumentWindowControllerTests' passed at 2026-06-30 18:01:07.615.
	 Executed 4 tests, with 0 failures (0 unexpected) in 0.438 (0.439) seconds
Test Suite 'EditorWebViewTests' started at 2026-06-30 18:01:07.615.
Test Case '-[OuroMDTests.EditorWebViewTests testEditorDropWebViewAcceptsOnlyOpenableMarkdownFiles]' started.
Test Case '-[OuroMDTests.EditorWebViewTests testEditorDropWebViewAcceptsOnlyOpenableMarkdownFiles]' passed (0.005 seconds).
Test Case '-[OuroMDTests.EditorWebViewTests testInitialThemeBootstrapSeedsDarkThemeBeforeEditorReady]' started.
Test Case '-[OuroMDTests.EditorWebViewTests testInitialThemeBootstrapSeedsDarkThemeBeforeEditorReady]' passed (0.001 seconds).
Test Suite 'EditorWebViewTests' passed at 2026-06-30 18:01:07.622.
	 Executed 2 tests, with 0 failures (0 unexpected) in 0.006 (0.007) seconds
Test Suite 'FileWatcherTests' started at 2026-06-30 18:01:07.622.
Test Case '-[OuroMDTests.FileWatcherTests testDetectsInPlaceWrite]' started.
Test Case '-[OuroMDTests.FileWatcherTests testDetectsInPlaceWrite]' passed (0.429 seconds).
Test Case '-[OuroMDTests.FileWatcherTests testReArmsAcrossAtomicReplace]' started.
Test Case '-[OuroMDTests.FileWatcherTests testReArmsAcrossAtomicReplace]' passed (0.442 seconds).
Test Suite 'FileWatcherTests' passed at 2026-06-30 18:01:08.493.
	 Executed 2 tests, with 0 failures (0 unexpected) in 0.871 (0.871) seconds
Test Suite 'FolderBrowserTests' started at 2026-06-30 18:01:08.493.
Test Case '-[OuroMDTests.FolderBrowserTests testDeepTreeReportsTruncationAtDepthCap]' started.
Test Case '-[OuroMDTests.FolderBrowserTests testDeepTreeReportsTruncationAtDepthCap]' passed (0.012 seconds).
Test Case '-[OuroMDTests.FolderBrowserTests testFlatListIncludesOnlyOpenableFiles]' started.
Test Case '-[OuroMDTests.FolderBrowserTests testFlatListIncludesOnlyOpenableFiles]' passed (0.003 seconds).
Test Case '-[OuroMDTests.FolderBrowserTests testFolderSortLabelsAndDateSorts]' started.
Test Case '-[OuroMDTests.FolderBrowserTests testFolderSortLabelsAndDateSorts]' passed (0.003 seconds).
Test Case '-[OuroMDTests.FolderBrowserTests testLargeWorkspaceBudgetSkipsOversizedHiddenAndSymlinkedFiles]' started.
Test Case '-[OuroMDTests.FolderBrowserTests testLargeWorkspaceBudgetSkipsOversizedHiddenAndSymlinkedFiles]' passed (4.936 seconds).
Test Case '-[OuroMDTests.FolderBrowserTests testNameSortIsNatural]' started.
Test Case '-[OuroMDTests.FolderBrowserTests testNameSortIsNatural]' passed (0.003 seconds).
Test Case '-[OuroMDTests.FolderBrowserTests testOpenFolderPopulatesModelAndFilter]' started.
Test Case '-[OuroMDTests.FolderBrowserTests testOpenFolderPopulatesModelAndFilter]' passed (0.630 seconds).
Test Case '-[OuroMDTests.FolderBrowserTests testReadsNonUTF8File]' started.
Test Case '-[OuroMDTests.FolderBrowserTests testReadsNonUTF8File]' passed (0.003 seconds).
Test Case '-[OuroMDTests.FolderBrowserTests testSnapshotOfMissingFolderIsEmpty]' started.
Test Case '-[OuroMDTests.FolderBrowserTests testSnapshotOfMissingFolderIsEmpty]' passed (0.002 seconds).
Test Case '-[OuroMDTests.FolderBrowserTests testSnapshotProvidesTreeAndFlatViewsFromOneAPI]' started.
Test Case '-[OuroMDTests.FolderBrowserTests testSnapshotProvidesTreeAndFlatViewsFromOneAPI]' passed (0.003 seconds).
Test Case '-[OuroMDTests.FolderBrowserTests testSymlinkCycleDoesNotCrashOrRecurse]' started.
Test Case '-[OuroMDTests.FolderBrowserTests testSymlinkCycleDoesNotCrashOrRecurse]' passed (0.003 seconds).
Test Case '-[OuroMDTests.FolderBrowserTests testTreeGroupsDirsFirstAndPrunesEmpties]' started.
Test Case '-[OuroMDTests.FolderBrowserTests testTreeGroupsDirsFirstAndPrunesEmpties]' passed (0.003 seconds).
Test Case '-[OuroMDTests.FolderBrowserTests testUnusualNamesDuplicateBasenamesAndSymlinkedMarkdownAreHandled]' started.
Test Case '-[OuroMDTests.FolderBrowserTests testUnusualNamesDuplicateBasenamesAndSymlinkedMarkdownAreHandled]' passed (0.007 seconds).
Test Suite 'FolderBrowserTests' passed at 2026-06-30 18:01:14.101.
	 Executed 12 tests, with 0 failures (0 unexpected) in 5.607 (5.609) seconds
Test Suite 'FolderDisplayTests' started at 2026-06-30 18:01:14.101.
Test Case '-[OuroMDTests.FolderDisplayTests testDuplicateFileNamesAreDetectedCaseInsensitively]' started.
Test Case '-[OuroMDTests.FolderDisplayTests testDuplicateFileNamesAreDetectedCaseInsensitively]' passed (0.000 seconds).
Test Case '-[OuroMDTests.FolderDisplayTests testRelativePathAndParentHintStayWithinMountedFolder]' started.
Test Case '-[OuroMDTests.FolderDisplayTests testRelativePathAndParentHintStayWithinMountedFolder]' passed (0.000 seconds).
Test Suite 'FolderDisplayTests' passed at 2026-06-30 18:01:14.102.
	 Executed 2 tests, with 0 failures (0 unexpected) in 0.001 (0.001) seconds
Test Suite 'HTMLDocumentTests' started at 2026-06-30 18:01:14.102.
Test Case '-[OuroMDTests.HTMLDocumentTests testEscapeAttrAlsoEscapesDoubleQuotes]' started.
Test Case '-[OuroMDTests.HTMLDocumentTests testEscapeAttrAlsoEscapesDoubleQuotes]' passed (0.000 seconds).
Test Case '-[OuroMDTests.HTMLDocumentTests testEscapeHandlesEveryReservedCharacterAndPassesOthersThrough]' started.
Test Case '-[OuroMDTests.HTMLDocumentTests testEscapeHandlesEveryReservedCharacterAndPassesOthersThrough]' passed (0.000 seconds).
Test Case '-[OuroMDTests.HTMLDocumentTests testWrapProducesCompleteDocumentWithEscapedTitleAndEmbeddedCSS]' started.
Test Case '-[OuroMDTests.HTMLDocumentTests testWrapProducesCompleteDocumentWithEscapedTitleAndEmbeddedCSS]' passed (0.000 seconds).
Test Suite 'HTMLDocumentTests' passed at 2026-06-30 18:01:14.103.
	 Executed 3 tests, with 0 failures (0 unexpected) in 0.001 (0.001) seconds
Test Suite 'MarkdownRendererTests' started at 2026-06-30 18:01:14.103.
Test Case '-[OuroMDTests.MarkdownRendererTests testBlockQuote]' started.
Test Case '-[OuroMDTests.MarkdownRendererTests testBlockQuote]' passed (0.003 seconds).
Test Case '-[OuroMDTests.MarkdownRendererTests testBoldAndItalic]' started.
Test Case '-[OuroMDTests.MarkdownRendererTests testBoldAndItalic]' passed (0.000 seconds).
Test Case '-[OuroMDTests.MarkdownRendererTests testBrokenOrUnknownFootnoteReferencesAreLeftAsText]' started.
Test Case '-[OuroMDTests.MarkdownRendererTests testBrokenOrUnknownFootnoteReferencesAreLeftAsText]' passed (0.000 seconds).
Test Case '-[OuroMDTests.MarkdownRendererTests testCodeOnlyTableCellsAreMarkedForIntrinsicWidth]' started.
Test Case '-[OuroMDTests.MarkdownRendererTests testCodeOnlyTableCellsAreMarkedForIntrinsicWidth]' passed (0.001 seconds).
Test Case '-[OuroMDTests.MarkdownRendererTests testDocumentWrap]' started.
Test Case '-[OuroMDTests.MarkdownRendererTests testDocumentWrap]' passed (0.000 seconds).
Test Case '-[OuroMDTests.MarkdownRendererTests testDuplicateFootnoteDefinitionsDoNotCrash]' started.
Test Case '-[OuroMDTests.MarkdownRendererTests testDuplicateFootnoteDefinitionsDoNotCrash]' passed (0.000 seconds).
Test Case '-[OuroMDTests.MarkdownRendererTests testFencedCodeBlock]' started.
Test Case '-[OuroMDTests.MarkdownRendererTests testFencedCodeBlock]' passed (0.000 seconds).
Test Case '-[OuroMDTests.MarkdownRendererTests testFootnoteContinuationsAreRendered]' started.
Test Case '-[OuroMDTests.MarkdownRendererTests testFootnoteContinuationsAreRendered]' passed (0.000 seconds).
Test Case '-[OuroMDTests.MarkdownRendererTests testFootnoteDefinitionsInsideCodeBlocksRemainCode]' started.
Test Case '-[OuroMDTests.MarkdownRendererTests testFootnoteDefinitionsInsideCodeBlocksRemainCode]' passed (0.000 seconds).
Test Case '-[OuroMDTests.MarkdownRendererTests testFootnoteMultiParagraphContinuationRendersInsideFootnote]' started.
Test Case '-[OuroMDTests.MarkdownRendererTests testFootnoteMultiParagraphContinuationRendersInsideFootnote]' passed (0.000 seconds).
Test Case '-[OuroMDTests.MarkdownRendererTests testFootnoteReferencesInsideFencedCodeAreLeftAlone]' started.
Test Case '-[OuroMDTests.MarkdownRendererTests testFootnoteReferencesInsideFencedCodeAreLeftAlone]' passed (0.000 seconds).
Test Case '-[OuroMDTests.MarkdownRendererTests testFootnoteReferencesInsideIndentedCodeAreLeftAlone]' started.
Test Case '-[OuroMDTests.MarkdownRendererTests testFootnoteReferencesInsideIndentedCodeAreLeftAlone]' passed (0.000 seconds).
Test Case '-[OuroMDTests.MarkdownRendererTests testFootnoteReferencesInsideInlineCodeOrEscapesAreLeftAlone]' started.
Test Case '-[OuroMDTests.MarkdownRendererTests testFootnoteReferencesInsideInlineCodeOrEscapesAreLeftAlone]' passed (0.000 seconds).
Test Case '-[OuroMDTests.MarkdownRendererTests testFootnotesRenderAsBacklinkedSection]' started.
Test Case '-[OuroMDTests.MarkdownRendererTests testFootnotesRenderAsBacklinkedSection]' passed (0.000 seconds).
Test Case '-[OuroMDTests.MarkdownRendererTests testHeading]' started.
Test Case '-[OuroMDTests.MarkdownRendererTests testHeading]' passed (0.000 seconds).
Test Case '-[OuroMDTests.MarkdownRendererTests testHeadingHasSlugID]' started.
Test Case '-[OuroMDTests.MarkdownRendererTests testHeadingHasSlugID]' passed (0.000 seconds).
Test Case '-[OuroMDTests.MarkdownRendererTests testHeadingSlugCollapsesRuns]' started.
Test Case '-[OuroMDTests.MarkdownRendererTests testHeadingSlugCollapsesRuns]' passed (0.000 seconds).
Test Case '-[OuroMDTests.MarkdownRendererTests testHTMLEscaping]' started.
Test Case '-[OuroMDTests.MarkdownRendererTests testHTMLEscaping]' passed (0.000 seconds).
Test Case '-[OuroMDTests.MarkdownRendererTests testImageAlt]' started.
Test Case '-[OuroMDTests.MarkdownRendererTests testImageAlt]' passed (0.000 seconds).
Test Case '-[OuroMDTests.MarkdownRendererTests testImageSourcesAreEscapedOrInlined]' started.
Test Case '-[OuroMDTests.MarkdownRendererTests testImageSourcesAreEscapedOrInlined]' passed (0.003 seconds).
Test Case '-[OuroMDTests.MarkdownRendererTests testInlineCode]' started.
Test Case '-[OuroMDTests.MarkdownRendererTests testInlineCode]' passed (0.000 seconds).
Test Case '-[OuroMDTests.MarkdownRendererTests testLineBreaksAndRawHTMLPassThrough]' started.
Test Case '-[OuroMDTests.MarkdownRendererTests testLineBreaksAndRawHTMLPassThrough]' passed (0.000 seconds).
Test Case '-[OuroMDTests.MarkdownRendererTests testLink]' started.
Test Case '-[OuroMDTests.MarkdownRendererTests testLink]' passed (0.000 seconds).
Test Case '-[OuroMDTests.MarkdownRendererTests testLongFencesCanContainShorterFenceExamples]' started.
Test Case '-[OuroMDTests.MarkdownRendererTests testLongFencesCanContainShorterFenceExamples]' passed (0.000 seconds).
Test Case '-[OuroMDTests.MarkdownRendererTests testOrderedList]' started.
Test Case '-[OuroMDTests.MarkdownRendererTests testOrderedList]' passed (0.000 seconds).
Test Case '-[OuroMDTests.MarkdownRendererTests testPathologicalTableCellsRenderAlignmentHTMLURLsAndEmptyCells]' started.
Test Case '-[OuroMDTests.MarkdownRendererTests testPathologicalTableCellsRenderAlignmentHTMLURLsAndEmptyCells]' passed (0.001 seconds).
Test Case '-[OuroMDTests.MarkdownRendererTests testRepeatedFootnoteReferencesUseUniqueAnchorIDs]' started.
Test Case '-[OuroMDTests.MarkdownRendererTests testRepeatedFootnoteReferencesUseUniqueAnchorIDs]' passed (0.000 seconds).
Test Case '-[OuroMDTests.MarkdownRendererTests testShortCellsStayFreeWhileLongAndCodeBearingCellsGetAReadableFloor]' started.
Test Case '-[OuroMDTests.MarkdownRendererTests testShortCellsStayFreeWhileLongAndCodeBearingCellsGetAReadableFloor]' passed (0.000 seconds).
Test Case '-[OuroMDTests.MarkdownRendererTests testStrikethrough]' started.
Test Case '-[OuroMDTests.MarkdownRendererTests testStrikethrough]' passed (0.000 seconds).
Test Case '-[OuroMDTests.MarkdownRendererTests testTable]' started.
Test Case '-[OuroMDTests.MarkdownRendererTests testTable]' passed (0.000 seconds).
Test Case '-[OuroMDTests.MarkdownRendererTests testTaskList]' started.
Test Case '-[OuroMDTests.MarkdownRendererTests testTaskList]' passed (0.000 seconds).
Test Case '-[OuroMDTests.MarkdownRendererTests testThematicBreak]' started.
Test Case '-[OuroMDTests.MarkdownRendererTests testThematicBreak]' passed (0.000 seconds).
Test Case '-[OuroMDTests.MarkdownRendererTests testThemeStore]' started.
Test Case '-[OuroMDTests.MarkdownRendererTests testThemeStore]' passed (0.000 seconds).
Test Case '-[OuroMDTests.MarkdownRendererTests testUnorderedList]' started.
Test Case '-[OuroMDTests.MarkdownRendererTests testUnorderedList]' passed (0.000 seconds).
Test Suite 'MarkdownRendererTests' passed at 2026-06-30 18:01:14.119.
	 Executed 34 tests, with 0 failures (0 unexpected) in 0.014 (0.016) seconds
Test Suite 'MarkdownTidyTests' started at 2026-06-30 18:01:14.119.
Test Case '-[OuroMDTests.MarkdownTidyTests testCollapsesConsecutiveBlankLines]' started.
Test Case '-[OuroMDTests.MarkdownTidyTests testCollapsesConsecutiveBlankLines]' passed (0.000 seconds).
Test Case '-[OuroMDTests.MarkdownTidyTests testDoesNotRewriteNonTableLinesThatMerelyUseSeparatorCharacters]' started.
Test Case '-[OuroMDTests.MarkdownTidyTests testDoesNotRewriteNonTableLinesThatMerelyUseSeparatorCharacters]' passed (0.000 seconds).
Test Case '-[OuroMDTests.MarkdownTidyTests testDoesNotTouchFencedCode]' started.
Test Case '-[OuroMDTests.MarkdownTidyTests testDoesNotTouchFencedCode]' passed (0.000 seconds).
Test Case '-[OuroMDTests.MarkdownTidyTests testDoesNotTouchTildeFencedCode]' started.
Test Case '-[OuroMDTests.MarkdownTidyTests testDoesNotTouchTildeFencedCode]' passed (0.000 seconds).
Test Case '-[OuroMDTests.MarkdownTidyTests testExpandsCompactAndNoSpaceSeparators]' started.
Test Case '-[OuroMDTests.MarkdownTidyTests testExpandsCompactAndNoSpaceSeparators]' passed (0.000 seconds).
Test Case '-[OuroMDTests.MarkdownTidyTests testExpandsTableSeparator]' started.
Test Case '-[OuroMDTests.MarkdownTidyTests testExpandsTableSeparator]' passed (0.000 seconds).
Test Case '-[OuroMDTests.MarkdownTidyTests testFrontMatterClosingFenceAtEndOfDocumentUnchanged]' started.
Test Case '-[OuroMDTests.MarkdownTidyTests testFrontMatterClosingFenceAtEndOfDocumentUnchanged]' passed (0.000 seconds).
Test Case '-[OuroMDTests.MarkdownTidyTests testFrontMatterOnlyNoBodyUnchanged]' started.
Test Case '-[OuroMDTests.MarkdownTidyTests testFrontMatterOnlyNoBodyUnchanged]' passed (0.000 seconds).
Test Case '-[OuroMDTests.MarkdownTidyTests testFrontMatterWithExistingBlankLineUnchanged]' started.
Test Case '-[OuroMDTests.MarkdownTidyTests testFrontMatterWithExistingBlankLineUnchanged]' passed (0.000 seconds).
Test Case '-[OuroMDTests.MarkdownTidyTests testIndentedTableSeparatorKeepsItsIndent]' started.
Test Case '-[OuroMDTests.MarkdownTidyTests testIndentedTableSeparatorKeepsItsIndent]' passed (0.000 seconds).
Test Case '-[OuroMDTests.MarkdownTidyTests testLeavesHorizontalRuleAlone]' started.
Test Case '-[OuroMDTests.MarkdownTidyTests testLeavesHorizontalRuleAlone]' passed (0.000 seconds).
Test Case '-[OuroMDTests.MarkdownTidyTests testMidDocumentTripleDashNotTreatedAsFrontMatter]' started.
Test Case '-[OuroMDTests.MarkdownTidyTests testMidDocumentTripleDashNotTreatedAsFrontMatter]' passed (0.000 seconds).
Test Case '-[OuroMDTests.MarkdownTidyTests testMidDocumentTripleDashWithoutSurroundingBlanksNotTreatedAsFrontMatter]' started.
Test Case '-[OuroMDTests.MarkdownTidyTests testMidDocumentTripleDashWithoutSurroundingBlanksNotTreatedAsFrontMatter]' passed (0.000 seconds).
Test Case '-[OuroMDTests.MarkdownTidyTests testNonTableContentUnchanged]' started.
Test Case '-[OuroMDTests.MarkdownTidyTests testNonTableContentUnchanged]' passed (0.000 seconds).
Test Case '-[OuroMDTests.MarkdownTidyTests testNormalTidyDoesNotConsultOriginalForDirtySave]' started.
Test Case '-[OuroMDTests.MarkdownTidyTests testNormalTidyDoesNotConsultOriginalForDirtySave]' passed (0.000 seconds).
Test Case '-[OuroMDTests.MarkdownTidyTests testPreservesBlankLineAfterClosingFence]' started.
Test Case '-[OuroMDTests.MarkdownTidyTests testPreservesBlankLineAfterClosingFence]' passed (0.000 seconds).
Test Case '-[OuroMDTests.MarkdownTidyTests testPreservesTableAlignment]' started.
Test Case '-[OuroMDTests.MarkdownTidyTests testPreservesTableAlignment]' passed (0.000 seconds).
Test Case '-[OuroMDTests.MarkdownTidyTests testRestoresBlankLineAfterFrontMatter]' started.
Test Case '-[OuroMDTests.MarkdownTidyTests testRestoresBlankLineAfterFrontMatter]' passed (0.000 seconds).
Test Case '-[OuroMDTests.MarkdownTidyTests testRoundTripperReadsExistingInput]' started.
Test Case '-[OuroMDTests.MarkdownTidyTests testRoundTripperReadsExistingInput]' passed (0.001 seconds).
Test Case '-[OuroMDTests.MarkdownTidyTests testRoundTripperRejectsMissingInput]' started.
Test Case '-[OuroMDTests.MarkdownTidyTests testRoundTripperRejectsMissingInput]' passed (0.000 seconds).
Test Case '-[OuroMDTests.MarkdownTidyTests testRoundTripProbePreservesOriginalWhenOnlyKnownEditorNormalizationChanged]' started.
Test Case '-[OuroMDTests.MarkdownTidyTests testRoundTripProbePreservesOriginalWhenOnlyKnownEditorNormalizationChanged]' passed (0.000 seconds).
Test Case '-[OuroMDTests.MarkdownTidyTests testRoundTripProbeReturnsTidiedOutputWhenContentChanged]' started.
Test Case '-[OuroMDTests.MarkdownTidyTests testRoundTripProbeReturnsTidiedOutputWhenContentChanged]' passed (0.000 seconds).
Test Case '-[OuroMDTests.MarkdownTidyTests testSeparatorRequiresBothBoundingPipes]' started.
Test Case '-[OuroMDTests.MarkdownTidyTests testSeparatorRequiresBothBoundingPipes]' passed (0.000 seconds).
Test Case '-[OuroMDTests.MarkdownTidyTests testTidyIsIdempotent]' started.
Test Case '-[OuroMDTests.MarkdownTidyTests testTidyIsIdempotent]' passed (0.000 seconds).
Test Case '-[OuroMDTests.MarkdownTidyTests testUnclosedFrontMatterFenceLeftUnchanged]' started.
Test Case '-[OuroMDTests.MarkdownTidyTests testUnclosedFrontMatterFenceLeftUnchanged]' passed (0.000 seconds).
Test Suite 'MarkdownTidyTests' passed at 2026-06-30 18:01:14.125.
	 Executed 25 tests, with 0 failures (0 unexpected) in 0.005 (0.006) seconds
Test Suite 'OuroMDShellContractTests' started at 2026-06-30 18:01:14.125.
Test Case '-[OuroMDTests.OuroMDShellContractTests testShellCommandManifestPinsPublicSurfaceSemantics]' started.
Test Case '-[OuroMDTests.OuroMDShellContractTests testShellCommandManifestPinsPublicSurfaceSemantics]' passed (0.002 seconds).
Test Case '-[OuroMDTests.OuroMDShellContractTests testShellContractDocumentsUtilityWindowsAndSettingsEntryPoint]' started.
Test Case '-[OuroMDTests.OuroMDShellContractTests testShellContractDocumentsUtilityWindowsAndSettingsEntryPoint]' passed (0.001 seconds).
Test Case '-[OuroMDTests.OuroMDShellContractTests testShellContractIsValidAndDeclaresSharedSurfaces]' started.
Test Case '-[OuroMDTests.OuroMDShellContractTests testShellContractIsValidAndDeclaresSharedSurfaces]' passed (0.002 seconds).
Test Case '-[OuroMDTests.OuroMDShellContractTests testShellContractMatchesRuntimeIdentityReleaseAndShortcutSurfaces]' started.
Test Case '-[OuroMDTests.OuroMDShellContractTests testShellContractMatchesRuntimeIdentityReleaseAndShortcutSurfaces]' passed (0.002 seconds).
Test Suite 'OuroMDShellContractTests' passed at 2026-06-30 18:01:14.133.
	 Executed 4 tests, with 0 failures (0 unexpected) in 0.007 (0.008) seconds
Test Suite 'OuroMDTelemetryTests' started at 2026-06-30 18:01:14.133.
Test Case '-[OuroMDTests.OuroMDTelemetryTests testCaptureCanUseDefaultClockWithInjectedSender]' started.
Test Case '-[OuroMDTests.OuroMDTelemetryTests testCaptureCanUseDefaultClockWithInjectedSender]' passed (0.004 seconds).
Test Case '-[OuroMDTests.OuroMDTelemetryTests testCaptureReusesExistingDistinctID]' started.
Test Case '-[OuroMDTests.OuroMDTelemetryTests testCaptureReusesExistingDistinctID]' passed (0.003 seconds).
Test Case '-[OuroMDTests.OuroMDTelemetryTests testCaptureSendsAnonymousPostHogPayload]' started.
Test Case '-[OuroMDTests.OuroMDTelemetryTests testCaptureSendsAnonymousPostHogPayload]' passed (0.003 seconds).
Test Case '-[OuroMDTests.OuroMDTelemetryTests testConfigurationIgnoresAmbientPostHogKeyEnvironmentAndSupportsDisableFlag]' started.
Test Case '-[OuroMDTests.OuroMDTelemetryTests testConfigurationIgnoresAmbientPostHogKeyEnvironmentAndSupportsDisableFlag]' passed (0.001 seconds).
Test Case '-[OuroMDTests.OuroMDTelemetryTests testConfigurationIgnoresStoredPostHogDefaults]' started.
Test Case '-[OuroMDTests.OuroMDTelemetryTests testConfigurationIgnoresStoredPostHogDefaults]' passed (0.002 seconds).
Test Case '-[OuroMDTests.OuroMDTelemetryTests testConfigurationLoadsEmbeddedPostHogBundleValues]' started.
Test Case '-[OuroMDTests.OuroMDTelemetryTests testConfigurationLoadsEmbeddedPostHogBundleValues]' passed (0.001 seconds).
Test Case '-[OuroMDTests.OuroMDTelemetryTests testConfigurationRejectsInvalidEmbeddedHost]' started.
Test Case '-[OuroMDTests.OuroMDTelemetryTests testConfigurationRejectsInvalidEmbeddedHost]' passed (0.001 seconds).
Test Case '-[OuroMDTests.OuroMDTelemetryTests testOptOutSuppressesCaptureAndPersists]' started.
Test Case '-[OuroMDTests.OuroMDTelemetryTests testOptOutSuppressesCaptureAndPersists]' passed (0.002 seconds).
Test Case '-[OuroMDTests.OuroMDTelemetryTests testUnconfiguredTelemetryIsDisabled]' started.
Test Case '-[OuroMDTests.OuroMDTelemetryTests testUnconfiguredTelemetryIsDisabled]' passed (0.001 seconds).
Test Suite 'OuroMDTelemetryTests' passed at 2026-06-30 18:01:14.151.
	 Executed 9 tests, with 0 failures (0 unexpected) in 0.017 (0.018) seconds
Test Suite 'OuroMDUpdateCoordinatorTests' started at 2026-06-30 18:01:14.151.
Test Case '-[OuroMDTests.OuroMDUpdateCoordinatorTests testApplyStagedUpdateOnQuitOnlyWhenEnabledAndNotManualInstall]' started.
Test Case '-[OuroMDTests.OuroMDUpdateCoordinatorTests testApplyStagedUpdateOnQuitOnlyWhenEnabledAndNotManualInstall]' passed (0.003 seconds).
Test Case '-[OuroMDTests.OuroMDUpdateCoordinatorTests testAppShellUpdateActionsExposeReviewButKeepDirectInstallBehindOuroMDPrompt]' started.
Test Case '-[OuroMDTests.OuroMDUpdateCoordinatorTests testAppShellUpdateActionsExposeReviewButKeepDirectInstallBehindOuroMDPrompt]' passed (0.004 seconds).
Test Case '-[OuroMDTests.OuroMDUpdateCoordinatorTests testAutoUpdateCheckIsDefaultOnThrottledAndOncePerSession]' started.
Test Case '-[OuroMDTests.OuroMDUpdateCoordinatorTests testAutoUpdateCheckIsDefaultOnThrottledAndOncePerSession]' passed (0.002 seconds).
Test Case '-[OuroMDTests.OuroMDUpdateCoordinatorTests testAutoUpdateCheckSkipsWhenDisabled]' started.
Test Case '-[OuroMDTests.OuroMDUpdateCoordinatorTests testAutoUpdateCheckSkipsWhenDisabled]' passed (0.001 seconds).
Test Case '-[OuroMDTests.OuroMDUpdateCoordinatorTests testAutoUpdateDefaultsToEnabledAndPersistsOptOut]' started.
Test Case '-[OuroMDTests.OuroMDUpdateCoordinatorTests testAutoUpdateDefaultsToEnabledAndPersistsOptOut]' passed (0.002 seconds).
Test Case '-[OuroMDTests.OuroMDUpdateCoordinatorTests testAutoUpdateStagesInstallableUpdateInBackground]' started.
Test Case '-[OuroMDTests.OuroMDUpdateCoordinatorTests testAutoUpdateStagesInstallableUpdateInBackground]' passed (0.002 seconds).
Test Case '-[OuroMDTests.OuroMDUpdateCoordinatorTests testBadgeAndPromptUseCheckedReleaseWhenNoUpdateIsStaged]' started.
Test Case '-[OuroMDTests.OuroMDUpdateCoordinatorTests testBadgeAndPromptUseCheckedReleaseWhenNoUpdateIsStaged]' passed (0.001 seconds).
Test Case '-[OuroMDTests.OuroMDUpdateCoordinatorTests testCancelPendingManualInstallPreventsLaterApply]' started.
Test Case '-[OuroMDTests.OuroMDUpdateCoordinatorTests testCancelPendingManualInstallPreventsLaterApply]' passed (0.003 seconds).
Test Case '-[OuroMDTests.OuroMDUpdateCoordinatorTests testCheckedReleaseStateTakesPrecedenceOverLaunchInstalledState]' started.
Test Case '-[OuroMDTests.OuroMDUpdateCoordinatorTests testCheckedReleaseStateTakesPrecedenceOverLaunchInstalledState]' passed (0.003 seconds).
Test Case '-[OuroMDTests.OuroMDUpdateCoordinatorTests testDismissingNonInstallablePromptDoesNotEmitDeferredTelemetry]' started.
Test Case '-[OuroMDTests.OuroMDUpdateCoordinatorTests testDismissingNonInstallablePromptDoesNotEmitDeferredTelemetry]' passed (0.001 seconds).
Test Case '-[OuroMDTests.OuroMDUpdateCoordinatorTests testFailedStartedManualInstallCanRetryWithoutAnotherCheck]' started.
Test Case '-[OuroMDTests.OuroMDUpdateCoordinatorTests testFailedStartedManualInstallCanRetryWithoutAnotherCheck]' passed (0.031 seconds).
Test Case '-[OuroMDTests.OuroMDUpdateCoordinatorTests testLaunchVersionMemorySurfacesPostUpdateConfirmationOnceVersionChanges]' started.
Test Case '-[OuroMDTests.OuroMDUpdateCoordinatorTests testLaunchVersionMemorySurfacesPostUpdateConfirmationOnceVersionChanges]' passed (0.003 seconds).
Test Case '-[OuroMDTests.OuroMDUpdateCoordinatorTests testManualCheckAwaitsInFlightLaunchCheckBeforePrompting]' started.
Test Case '-[OuroMDTests.OuroMDUpdateCoordinatorTests testManualCheckAwaitsInFlightLaunchCheckBeforePrompting]' passed (0.003 seconds).
Test Case '-[OuroMDTests.OuroMDUpdateCoordinatorTests testManualCheckClearsPendingStageWhenReleaseIsNoLongerInstallable]' started.
Test Case '-[OuroMDTests.OuroMDUpdateCoordinatorTests testManualCheckClearsPendingStageWhenReleaseIsNoLongerInstallable]' passed (0.002 seconds).
Test Case '-[OuroMDTests.OuroMDUpdateCoordinatorTests testManualCheckPromptsInstallableCurrentAndUnavailableStates]' started.
Test Case '-[OuroMDTests.OuroMDUpdateCoordinatorTests testManualCheckPromptsInstallableCurrentAndUnavailableStates]' passed (0.001 seconds).
Test Case '-[OuroMDTests.OuroMDUpdateCoordinatorTests testManualCheckReportsMissingInstallableAssets]' started.
Test Case '-[OuroMDTests.OuroMDUpdateCoordinatorTests testManualCheckReportsMissingInstallableAssets]' passed (0.001 seconds).
Test Case '-[OuroMDTests.OuroMDUpdateCoordinatorTests testManualInstallExposesProgressWhileStageIsRunning]' started.
Test Case '-[OuroMDTests.OuroMDUpdateCoordinatorTests testManualInstallExposesProgressWhileStageIsRunning]' passed (0.001 seconds).
Test Case '-[OuroMDTests.OuroMDUpdateCoordinatorTests testManualInstallFailureSetsFailedPromptForAppObserver]' started.
Test Case '-[OuroMDTests.OuroMDUpdateCoordinatorTests testManualInstallFailureSetsFailedPromptForAppObserver]' passed (0.001 seconds).
Test Case '-[OuroMDTests.OuroMDUpdateCoordinatorTests testManualInstallOfPendingStageIsIdempotent]' started.
Test Case '-[OuroMDTests.OuroMDUpdateCoordinatorTests testManualInstallOfPendingStageIsIdempotent]' passed (0.002 seconds).
Test Case '-[OuroMDTests.OuroMDUpdateCoordinatorTests testManualInstallReportsPlannerFailure]' started.
Test Case '-[OuroMDTests.OuroMDUpdateCoordinatorTests testManualInstallReportsPlannerFailure]' passed (0.001 seconds).
Test Case '-[OuroMDTests.OuroMDUpdateCoordinatorTests testManualInstallReportsStagingProgressBeforeApplying]' started.
Test Case '-[OuroMDTests.OuroMDUpdateCoordinatorTests testManualInstallReportsStagingProgressBeforeApplying]' passed (0.001 seconds).
Test Case '-[OuroMDTests.OuroMDUpdateCoordinatorTests testManualInstallRequiresPriorCheck]' started.
Test Case '-[OuroMDTests.OuroMDUpdateCoordinatorTests testManualInstallRequiresPriorCheck]' passed (0.001 seconds).
Test Case '-[OuroMDTests.OuroMDUpdateCoordinatorTests testManualInstallRestagesWhenCheckedReleaseIsNewerThanPendingStage]' started.
Test Case '-[OuroMDTests.OuroMDUpdateCoordinatorTests testManualInstallRestagesWhenCheckedReleaseIsNewerThanPendingStage]' passed (0.002 seconds).
Test Case '-[OuroMDTests.OuroMDUpdateCoordinatorTests testManualInstallUsesAlreadyStagedUpdateAndSuppressesQuitApply]' started.
Test Case '-[OuroMDTests.OuroMDUpdateCoordinatorTests testManualInstallUsesAlreadyStagedUpdateAndSuppressesQuitApply]' passed (0.002 seconds).
Test Case '-[OuroMDTests.OuroMDUpdateCoordinatorTests testManualUpdateFailureTelemetryDoesNotLeakRawErrorDetails]' started.
Test Case '-[OuroMDTests.OuroMDUpdateCoordinatorTests testManualUpdateFailureTelemetryDoesNotLeakRawErrorDetails]' passed (0.001 seconds).
Test Case '-[OuroMDTests.OuroMDUpdateCoordinatorTests testManualUpdateFlowCapturesTelemetryWithoutRawErrorDetails]' started.
Test Case '-[OuroMDTests.OuroMDUpdateCoordinatorTests testManualUpdateFlowCapturesTelemetryWithoutRawErrorDetails]' passed (0.001 seconds).
Test Case '-[OuroMDTests.OuroMDUpdateCoordinatorTests testPromptDisplayHelpersAreUserFacing]' started.
Test Case '-[OuroMDTests.OuroMDUpdateCoordinatorTests testPromptDisplayHelpersAreUserFacing]' passed (0.000 seconds).
Test Case '-[OuroMDTests.OuroMDUpdateCoordinatorTests testPromptFallsBackToStagedVersionWhenLatestSnapshotIsNotInstallable]' started.
Test Case '-[OuroMDTests.OuroMDUpdateCoordinatorTests testPromptFallsBackToStagedVersionWhenLatestSnapshotIsNotInstallable]' passed (0.002 seconds).
Test Case '-[OuroMDTests.OuroMDUpdateCoordinatorTests testPromptPresentationBindingDismissesPrompt]' started.
Test Case '-[OuroMDTests.OuroMDUpdateCoordinatorTests testPromptPresentationBindingDismissesPrompt]' passed (0.001 seconds).
Test Case '-[OuroMDTests.OuroMDUpdateCoordinatorTests testReleaseMetadataFormatsPublishedDateAndNotesPreview]' started.
Test Case '-[OuroMDTests.OuroMDUpdateCoordinatorTests testReleaseMetadataFormatsPublishedDateAndNotesPreview]' passed (0.002 seconds).
Test Case '-[OuroMDTests.OuroMDUpdateCoordinatorTests testReleaseStatusLineCoversUncheckedCheckingCurrentAvailableAndUnavailableStates]' started.
Test Case '-[OuroMDTests.OuroMDUpdateCoordinatorTests testReleaseStatusLineCoversUncheckedCheckingCurrentAvailableAndUnavailableStates]' passed (0.001 seconds).
Test Case '-[OuroMDTests.OuroMDUpdateCoordinatorTests testStartedManualInstallCanCancelInFlightStageAndRetry]' started.
Test Case '-[OuroMDTests.OuroMDUpdateCoordinatorTests testStartedManualInstallCanCancelInFlightStageAndRetry]' passed (0.016 seconds).
Test Suite 'OuroMDUpdateCoordinatorTests' passed at 2026-06-30 18:01:14.249.
	 Executed 32 tests, with 0 failures (0 unexpected) in 0.096 (0.099) seconds
Test Suite 'OuroMDUpdateInstallerTests' started at 2026-06-30 18:01:14.249.
Test Case '-[OuroMDTests.OuroMDUpdateInstallerTests testApplyScriptDoesNotDeleteBackupBeforeDestinationShapeIsProven]' started.
Test Case '-[OuroMDTests.OuroMDUpdateInstallerTests testApplyScriptDoesNotDeleteBackupBeforeDestinationShapeIsProven]' passed (0.001 seconds).
Test Case '-[OuroMDTests.OuroMDUpdateInstallerTests testApplyScriptFailsFastAroundBackupInstallAndRollback]' started.
Test Case '-[OuroMDTests.OuroMDUpdateInstallerTests testApplyScriptFailsFastAroundBackupInstallAndRollback]' passed (0.000 seconds).
Test Case '-[OuroMDTests.OuroMDUpdateInstallerTests testApplyScriptRestoresBackupWhenReplacementIsNotAnAppBundle]' started.
Test Case '-[OuroMDTests.OuroMDUpdateInstallerTests testApplyScriptRestoresBackupWhenReplacementIsNotAnAppBundle]' passed (0.065 seconds).
Test Case '-[OuroMDTests.OuroMDUpdateInstallerTests testApplyScriptRestoresStaleBackupBeforeTryingNewInstall]' started.
ditto: Cannot get the real path for source '/var/folders/md/_fkq3wc92_z55cgtlrfrcfh40000gn/T/ouro-apply-stale-backup-1B1A59E3-6401-41E1-AF27-61B06A4D508D/missing-staged/Ouro MD.app'
Test Case '-[OuroMDTests.OuroMDUpdateInstallerTests testApplyScriptRestoresStaleBackupBeforeTryingNewInstall]' passed (0.044 seconds).
Test Case '-[OuroMDTests.OuroMDUpdateInstallerTests testApplyScriptRunsInTemporaryDirectoryWithoutNestingUpdatedApp]' started.
Test Case '-[OuroMDTests.OuroMDUpdateInstallerTests testApplyScriptRunsInTemporaryDirectoryWithoutNestingUpdatedApp]' passed (0.175 seconds).
Test Case '-[OuroMDTests.OuroMDUpdateInstallerTests testInstallErrorDescriptionsAreUserReadable]' started.
Test Case '-[OuroMDTests.OuroMDUpdateInstallerTests testInstallErrorDescriptionsAreUserReadable]' passed (0.000 seconds).
Test Case '-[OuroMDTests.OuroMDUpdateInstallerTests testOneLineInstallerRollbackDoesNotSwallowRestoreFailure]' started.
Test Case '-[OuroMDTests.OuroMDUpdateInstallerTests testOneLineInstallerRollbackDoesNotSwallowRestoreFailure]' passed (0.001 seconds).
Test Case '-[OuroMDTests.OuroMDUpdateInstallerTests testStagePreservesInstallerErrorFromDataLoader]' started.
Test Case '-[OuroMDTests.OuroMDUpdateInstallerTests testStagePreservesInstallerErrorFromDataLoader]' passed (0.001 seconds).
Test Case '-[OuroMDTests.OuroMDUpdateInstallerTests testStageSucceedsAfterManifestArchiveExtractedBundleAndCodesignVerify]' started.
Test Case '-[OuroMDTests.OuroMDUpdateInstallerTests testStageSucceedsAfterManifestArchiveExtractedBundleAndCodesignVerify]' passed (0.001 seconds).
Test Case '-[OuroMDTests.OuroMDUpdateInstallerTests testStageThrowsOnArchiveNameMismatch]' started.
Test Case '-[OuroMDTests.OuroMDUpdateInstallerTests testStageThrowsOnArchiveNameMismatch]' passed (0.001 seconds).
Test Case '-[OuroMDTests.OuroMDUpdateInstallerTests testStageThrowsOnBundleIdentifierMismatch]' started.
Test Case '-[OuroMDTests.OuroMDUpdateInstallerTests testStageThrowsOnBundleIdentifierMismatch]' passed (0.001 seconds).
Test Case '-[OuroMDTests.OuroMDUpdateInstallerTests testStageThrowsOnByteCountMismatch]' started.
Test Case '-[OuroMDTests.OuroMDUpdateInstallerTests testStageThrowsOnByteCountMismatch]' passed (0.001 seconds).
Test Case '-[OuroMDTests.OuroMDUpdateInstallerTests testStageThrowsOnCodesignFailure]' started.
Test Case '-[OuroMDTests.OuroMDUpdateInstallerTests testStageThrowsOnCodesignFailure]' passed (0.001 seconds).
Test Case '-[OuroMDTests.OuroMDUpdateInstallerTests testStageThrowsOnManifestDecodeFailure]' started.
Test Case '-[OuroMDTests.OuroMDUpdateInstallerTests testStageThrowsOnManifestDecodeFailure]' passed (0.001 seconds).
Test Case '-[OuroMDTests.OuroMDUpdateInstallerTests testStageThrowsOnMissingStagedApp]' started.
Test Case '-[OuroMDTests.OuroMDUpdateInstallerTests testStageThrowsOnMissingStagedApp]' passed (0.001 seconds).
Test Case '-[OuroMDTests.OuroMDUpdateInstallerTests testStageThrowsOnNonNewerVersion]' started.
Test Case '-[OuroMDTests.OuroMDUpdateInstallerTests testStageThrowsOnNonNewerVersion]' passed (0.001 seconds).
Test Case '-[OuroMDTests.OuroMDUpdateInstallerTests testStageThrowsOnSHAMismatch]' started.
Test Case '-[OuroMDTests.OuroMDUpdateInstallerTests testStageThrowsOnSHAMismatch]' passed (0.001 seconds).
Test Case '-[OuroMDTests.OuroMDUpdateInstallerTests testStageThrowsOnStagedBundleIdentifierMismatch]' started.
Test Case '-[OuroMDTests.OuroMDUpdateInstallerTests testStageThrowsOnStagedBundleIdentifierMismatch]' passed (0.001 seconds).
Test Case '-[OuroMDTests.OuroMDUpdateInstallerTests testStageThrowsOnStagedVersionMismatch]' started.
Test Case '-[OuroMDTests.OuroMDUpdateInstallerTests testStageThrowsOnStagedVersionMismatch]' passed (0.001 seconds).
Test Case '-[OuroMDTests.OuroMDUpdateInstallerTests testStageThrowsOnUnzipFailureWithExitStatusFallback]' started.
Test Case '-[OuroMDTests.OuroMDUpdateInstallerTests testStageThrowsOnUnzipFailureWithExitStatusFallback]' passed (0.001 seconds).
Test Case '-[OuroMDTests.OuroMDUpdateInstallerTests testStageWrapsGenericDataLoaderFailureAsDownloadError]' started.
Test Case '-[OuroMDTests.OuroMDUpdateInstallerTests testStageWrapsGenericDataLoaderFailureAsDownloadError]' passed (0.001 seconds).
Test Suite 'OuroMDUpdateInstallerTests' passed at 2026-06-30 18:01:14.550.
	 Executed 21 tests, with 0 failures (0 unexpected) in 0.299 (0.301) seconds
Test Suite 'OuroMDUpdateTests' started at 2026-06-30 18:01:14.550.
Test Case '-[OuroMDTests.OuroMDUpdateTests testPlannerAcceptsOuroMDReleaseAssets]' started.
Test Case '-[OuroMDTests.OuroMDUpdateTests testPlannerAcceptsOuroMDReleaseAssets]' passed (0.000 seconds).
Test Case '-[OuroMDTests.OuroMDUpdateTests testPlannerRequiresHTTPSReleaseAssets]' started.
Test Case '-[OuroMDTests.OuroMDUpdateTests testPlannerRequiresHTTPSReleaseAssets]' passed (0.000 seconds).
Test Case '-[OuroMDTests.OuroMDUpdateTests testVerificationAcceptsNewerOuroMDManifest]' started.
Test Case '-[OuroMDTests.OuroMDUpdateTests testVerificationAcceptsNewerOuroMDManifest]' passed (0.000 seconds).
Test Case '-[OuroMDTests.OuroMDUpdateTests testVerificationIgnoresBuildIdentityForOuroMDReleases]' started.
Test Case '-[OuroMDTests.OuroMDUpdateTests testVerificationIgnoresBuildIdentityForOuroMDReleases]' passed (0.000 seconds).
Test Suite 'OuroMDUpdateTests' passed at 2026-06-30 18:01:14.551.
	 Executed 4 tests, with 0 failures (0 unexpected) in 0.001 (0.001) seconds
Test Suite 'OutlineTreeTests' started at 2026-06-30 18:01:14.551.
Test Case '-[OuroMDTests.OutlineTreeTests testHandlesLeadingDeepHeading]' started.
Test Case '-[OuroMDTests.OutlineTreeTests testHandlesLeadingDeepHeading]' passed (0.000 seconds).
Test Case '-[OuroMDTests.OutlineTreeTests testNestsByLevel]' started.
Test Case '-[OuroMDTests.OutlineTreeTests testNestsByLevel]' passed (0.000 seconds).
Test Suite 'OutlineTreeTests' passed at 2026-06-30 18:01:14.551.
	 Executed 2 tests, with 0 failures (0 unexpected) in 0.000 (0.000) seconds
Test Suite 'ReleaseUpdateTests' started at 2026-06-30 18:01:14.551.
Test Case '-[OuroMDTests.ReleaseUpdateTests testCheckerConstructionUsesOuroMDConfiguration]' started.
Test Case '-[OuroMDTests.ReleaseUpdateTests testCheckerConstructionUsesOuroMDConfiguration]' passed (0.000 seconds).
Test Case '-[OuroMDTests.ReleaseUpdateTests testCustomConfigurationFlowsIntoShellConfiguration]' started.
Test Case '-[OuroMDTests.ReleaseUpdateTests testCustomConfigurationFlowsIntoShellConfiguration]' passed (0.000 seconds).
Test Case '-[OuroMDTests.ReleaseUpdateTests testDefaultConfigurationTargetsStableOuroMDGitHubReleases]' started.
Test Case '-[OuroMDTests.ReleaseUpdateTests testDefaultConfigurationTargetsStableOuroMDGitHubReleases]' passed (0.000 seconds).
Test Case '-[OuroMDTests.ReleaseUpdateTests testReleaseDescriptorMatchesCurrentDistribution]' started.
Test Case '-[OuroMDTests.ReleaseUpdateTests testReleaseDescriptorMatchesCurrentDistribution]' passed (0.000 seconds).
Test Suite 'ReleaseUpdateTests' passed at 2026-06-30 18:01:14.552.
	 Executed 4 tests, with 0 failures (0 unexpected) in 0.001 (0.001) seconds
Test Suite 'TableLayoutPolicyTests' started at 2026-06-30 18:01:14.552.
Test Case '-[OuroMDTests.TableLayoutPolicyTests testEditorThemeLeftAlignsTablesAndCapsThemAtTheColumn]' started.
Test Case '-[OuroMDTests.TableLayoutPolicyTests testEditorThemeLeftAlignsTablesAndCapsThemAtTheColumn]' passed (0.005 seconds).
Test Case '-[OuroMDTests.TableLayoutPolicyTests testStandaloneThemeLeftAlignsTablesAndCapsThemAtTheColumn]' started.
Test Case '-[OuroMDTests.TableLayoutPolicyTests testStandaloneThemeLeftAlignsTablesAndCapsThemAtTheColumn]' passed (0.001 seconds).
Test Suite 'TableLayoutPolicyTests' passed at 2026-06-30 18:01:14.558.
	 Executed 2 tests, with 0 failures (0 unexpected) in 0.006 (0.006) seconds
Test Suite 'TerminationSaveCoordinatorTests' started at 2026-06-30 18:01:14.558.
Test Case '-[OuroMDTests.TerminationSaveCoordinatorTests testDefaultCancelHandlerIsSafeWhenSaveFails]' started.
Test Case '-[OuroMDTests.TerminationSaveCoordinatorTests testDefaultCancelHandlerIsSafeWhenSaveFails]' passed (0.001 seconds).
Test Case '-[OuroMDTests.TerminationSaveCoordinatorTests testRepliesFalseAndCancelsWhenAnySaveFails]' started.
Test Case '-[OuroMDTests.TerminationSaveCoordinatorTests testRepliesFalseAndCancelsWhenAnySaveFails]' passed (0.000 seconds).
Test Case '-[OuroMDTests.TerminationSaveCoordinatorTests testRepliesTrueImmediatelyWhenNothingIsDirty]' started.
Test Case '-[OuroMDTests.TerminationSaveCoordinatorTests testRepliesTrueImmediatelyWhenNothingIsDirty]' passed (0.000 seconds).
Test Case '-[OuroMDTests.TerminationSaveCoordinatorTests testRepliesTrueOnlyAfterAllSavesSucceed]' started.
Test Case '-[OuroMDTests.TerminationSaveCoordinatorTests testRepliesTrueOnlyAfterAllSavesSucceed]' passed (0.000 seconds).
Test Case '-[OuroMDTests.TerminationSaveCoordinatorTests testSaveFailureCancelsPendingManualUpdateBeforeQuitReply]' started.
Test Case '-[OuroMDTests.TerminationSaveCoordinatorTests testSaveFailureCancelsPendingManualUpdateBeforeQuitReply]' passed (0.001 seconds).
Test Case '-[OuroMDTests.TerminationSaveCoordinatorTests testTimeoutCancelsInsteadOfForcingQuit]' started.
Test Case '-[OuroMDTests.TerminationSaveCoordinatorTests testTimeoutCancelsInsteadOfForcingQuit]' passed (0.013 seconds).
Test Suite 'TerminationSaveCoordinatorTests' passed at 2026-06-30 18:01:14.575.
	 Executed 6 tests, with 0 failures (0 unexpected) in 0.017 (0.017) seconds
Test Suite 'ThemeAccessibilityTests' started at 2026-06-30 18:01:14.575.
Test Case '-[OuroMDTests.ThemeAccessibilityTests testBuiltInThemesMeetContrastForDocumentTextLinksAndSecondaryText]' started.
Test Case '-[OuroMDTests.ThemeAccessibilityTests testBuiltInThemesMeetContrastForDocumentTextLinksAndSecondaryText]' passed (0.001 seconds).
Test Case '-[OuroMDTests.ThemeAccessibilityTests testEditorThemesRespectReducedMotionForFocusMode]' started.
Test Case '-[OuroMDTests.ThemeAccessibilityTests testEditorThemesRespectReducedMotionForFocusMode]' passed (0.002 seconds).
Test Suite 'ThemeAccessibilityTests' passed at 2026-06-30 18:01:14.578.
	 Executed 2 tests, with 0 failures (0 unexpected) in 0.003 (0.003) seconds
Test Suite 'UndoRedoRoutingTests' started at 2026-06-30 18:01:14.578.
Test Case '-[OuroMDTests.UndoRedoRoutingTests testClearRecentDocumentsUsesInjectedHandler]' started.
Test Case '-[OuroMDTests.UndoRedoRoutingTests testClearRecentDocumentsUsesInjectedHandler]' passed (0.000 seconds).
Test Case '-[OuroMDTests.UndoRedoRoutingTests testCommandPaletteMenuUsesStandardSearchableActionShortcut]' started.
Test Case '-[OuroMDTests.UndoRedoRoutingTests testCommandPaletteMenuUsesStandardSearchableActionShortcut]' passed (0.002 seconds).
Test Case '-[OuroMDTests.UndoRedoRoutingTests testCommandYRedoUsesEditorFallbackWhenFocusIsInWebEditor]' started.
Test Case '-[OuroMDTests.UndoRedoRoutingTests testCommandYRedoUsesEditorFallbackWhenFocusIsInWebEditor]' passed (0.000 seconds).
Test Case '-[OuroMDTests.UndoRedoRoutingTests testHelpMenuSurfacesKeyboardShortcutsReference]' started.
Test Case '-[OuroMDTests.UndoRedoRoutingTests testHelpMenuSurfacesKeyboardShortcutsReference]' passed (0.001 seconds).
Test Case '-[OuroMDTests.UndoRedoRoutingTests testHelpMenuSurfacesVersionAndUpdateCommands]' started.
Test Case '-[OuroMDTests.UndoRedoRoutingTests testHelpMenuSurfacesVersionAndUpdateCommands]' passed (0.001 seconds).
Test Case '-[OuroMDTests.UndoRedoRoutingTests testMenuValidationChecksRecentItemsAndDefaults]' started.
Test Case '-[OuroMDTests.UndoRedoRoutingTests testMenuValidationChecksRecentItemsAndDefaults]' passed (0.000 seconds).
Test Case '-[OuroMDTests.UndoRedoRoutingTests testMenuValidationDisablesEditorOnlyCommandsWithoutAWindow]' started.
Test Case '-[OuroMDTests.UndoRedoRoutingTests testMenuValidationDisablesEditorOnlyCommandsWithoutAWindow]' passed (0.000 seconds).
Test Case '-[OuroMDTests.UndoRedoRoutingTests testMenuValidationKeepsGlobalCommandsEnabledWithoutAWindow]' started.
Test Case '-[OuroMDTests.UndoRedoRoutingTests testMenuValidationKeepsGlobalCommandsEnabledWithoutAWindow]' passed (0.000 seconds).
Test Case '-[OuroMDTests.UndoRedoRoutingTests testRecentMenuDelegateShowsEmptyStateFromInjectedProvider]' started.
Test Case '-[OuroMDTests.UndoRedoRoutingTests testRecentMenuDelegateShowsEmptyStateFromInjectedProvider]' passed (0.000 seconds).
Test Case '-[OuroMDTests.UndoRedoRoutingTests testRecentMenuDelegateUsesInjectedRecentProvider]' started.
Test Case '-[OuroMDTests.UndoRedoRoutingTests testRecentMenuDelegateUsesInjectedRecentProvider]' passed (0.000 seconds).
Test Case '-[OuroMDTests.UndoRedoRoutingTests testRedoDoesNotFallThroughWhenNativeTextViewHasEmptyStack]' started.
Test Case '-[OuroMDTests.UndoRedoRoutingTests testRedoDoesNotFallThroughWhenNativeTextViewHasEmptyStack]' passed (0.000 seconds).
Test Case '-[OuroMDTests.UndoRedoRoutingTests testShortcutMonitorHandlesNSApplicationSendEventBeforeMenuDispatch]' started.
Test Case '-[OuroMDTests.UndoRedoRoutingTests testShortcutMonitorHandlesNSApplicationSendEventBeforeMenuDispatch]' passed (0.009 seconds).
Test Case '-[OuroMDTests.UndoRedoRoutingTests testShortcutParserRecognizesMacUndoRedoKeystrokes]' started.
Test Case '-[OuroMDTests.UndoRedoRoutingTests testShortcutParserRecognizesMacUndoRedoKeystrokes]' passed (0.000 seconds).
Test Case '-[OuroMDTests.UndoRedoRoutingTests testShortcutParserRejectsModifiedNonUndoRedoKeystrokes]' started.
Test Case '-[OuroMDTests.UndoRedoRoutingTests testShortcutParserRejectsModifiedNonUndoRedoKeystrokes]' passed (0.000 seconds).
Test Case '-[OuroMDTests.UndoRedoRoutingTests testUndoAndRedoFallBackForTextViewsInsideWebView]' started.
Test Case '-[OuroMDTests.UndoRedoRoutingTests testUndoAndRedoFallBackForTextViewsInsideWebView]' passed (0.006 seconds).
Test Case '-[OuroMDTests.UndoRedoRoutingTests testUndoAndRedoFallBackWhenResponderIsNotNativeTextView]' started.
Test Case '-[OuroMDTests.UndoRedoRoutingTests testUndoAndRedoFallBackWhenResponderIsNotNativeTextView]' passed (0.000 seconds).
Test Case '-[OuroMDTests.UndoRedoRoutingTests testUndoAndRedoMenuItemsTargetNativeAppDelegateSelectors]' started.
Test Case '-[OuroMDTests.UndoRedoRoutingTests testUndoAndRedoMenuItemsTargetNativeAppDelegateSelectors]' passed (0.015 seconds).
Test Case '-[OuroMDTests.UndoRedoRoutingTests testUndoAndRedoUseNativeTextViewManagerWhenAvailable]' started.
Test Case '-[OuroMDTests.UndoRedoRoutingTests testUndoAndRedoUseNativeTextViewManagerWhenAvailable]' passed (0.000 seconds).
Test Case '-[OuroMDTests.UndoRedoRoutingTests testUndoDoesNotFallThroughWhenNativeTextViewHasEmptyStack]' started.
Test Case '-[OuroMDTests.UndoRedoRoutingTests testUndoDoesNotFallThroughWhenNativeTextViewHasEmptyStack]' passed (0.000 seconds).
Test Case '-[OuroMDTests.UndoRedoRoutingTests testViewSearchMenuTargetsSidebarSearch]' started.
Test Case '-[OuroMDTests.UndoRedoRoutingTests testViewSearchMenuTargetsSidebarSearch]' passed (0.007 seconds).
Test Suite 'UndoRedoRoutingTests' passed at 2026-06-30 18:01:14.624.
	 Executed 20 tests, with 0 failures (0 unexpected) in 0.045 (0.046) seconds
Test Suite 'ouro-mdPackageTests.xctest' passed at 2026-06-30 18:01:14.624.
	 Executed 241 tests, with 0 failures (0 unexpected) in 14.707 (14.726) seconds
Test Suite 'All tests' passed at 2026-06-30 18:01:14.625.
	 Executed 241 tests, with 0 failures (0 unexpected) in 14.707 (14.727) seconds
◇ Test run started.
↳ Testing Library Version: 1902
↳ Target Platform: arm64e-apple-macos14.0
✔ Test run with 0 tests in 0 suites passed after 0.001 seconds.

==> slowest XCTest cases (top 15)
  4.936s  passed  -[OuroMDTests.FolderBrowserTests testLargeWorkspaceBudgetSkipsOversizedHiddenAndSymlinkedFiles]
  1.520s  passed  -[OuroMDTests.AppModelDeletionTests testTransientAtomicSaveGapIsNotFlaggedAsDeleted]
  1.412s  passed  -[OuroMDTests.ContentSearcherTests testSearchCanBeCancelledBeforeCompletion]
  1.283s  passed  -[OuroMDTests.AppModelDeletionTests testRecreatedFileClearsDeletedMarker]
  1.017s  passed  -[OuroMDTests.AppModelReloadTests testOwnSaveDoesNotSelfReload]
  0.855s  passed  -[OuroMDTests.AppModelDeletionTests testDeletedFileSurfacesAsDeletedNotAsUnsavedEdit]
  0.630s  passed  -[OuroMDTests.FolderBrowserTests testOpenFolderPopulatesModelAndFilter]
  0.505s  passed  -[OuroMDTests.AppDelegateWindowRoutingTests testApplicationOpenReusesCleanUntitledFrontWindowThenOpensNewWindows]
  0.442s  passed  -[OuroMDTests.FileWatcherTests testReArmsAcrossAtomicReplace]
  0.429s  passed  -[OuroMDTests.FileWatcherTests testDetectsInPlaceWrite]
  0.316s  passed  -[OuroMDTests.AppDelegateWindowRoutingTests testSaveAndRenameCommandsTargetKeyWindowOnly]
  0.225s  passed  -[OuroMDTests.DocumentWindowControllerTests testTitleClickRoutesToOpenPanelInsteadOfRename]
  0.216s  passed  -[OuroMDTests.AppDelegateWindowRoutingTests testSidebarAndThemeCommandsTargetKeyWindowOnly]
  0.213s  passed  -[OuroMDTests.DocumentWindowControllerTests testDocumentChromeAndTitleOpenAcrossSavedRenamedAndDeletedStates]
  0.175s  passed  -[OuroMDTests.OuroMDUpdateInstallerTests testApplyScriptRunsInTemporaryDirectoryWithoutNestingUpdatedApp]
==> exporting coverage summary

   file                                         lines    regions (branch)
-------------------------------------------------------------------------
   CommandPaletteCatalog.swift          102/102   100%      17/17    100%
   HTMLDocument.swift                    37/37    100%      11/11    100%
   MarkdownTidy.swift                    87/87    100%      59/59    100%
-------------------------------------------------------------------------

PASS: pure Ouro MD support targets are 100% line + region (branch-equivalent) covered.
