[0/1] Planning build
Building for debugging...
[0/6] Write swift-version--58304C5D6DBC2206.txt
[2/70] Compiling Markdown BlockContainer.swift
[3/70] Compiling Markdown BlockMarkup.swift
[4/70] Compiling Markdown InlineContainer.swift
[5/70] Compiling Markdown InlineMarkup.swift
[6/70] Compiling Markdown ListItemContainer.swift
[7/70] Compiling Markdown AtomicCounter.swift
[8/70] Compiling Markdown CharacterExtensions.swift
[9/77] Compiling Markdown LazySplitLines.swift
[10/77] Compiling Markdown ParseOptions.swift
[11/77] Compiling Markdown RangeAdjuster.swift
[12/77] Compiling Markdown RangerTracker.swift
[13/77] Compiling Markdown MarkupRewriter.swift
[14/77] Compiling Markdown BasicBlockContainer.swift
[15/77] Compiling Markdown BasicInlineContainer.swift
[16/77] Compiling Markdown TableCellContainer.swift
[17/77] Compiling Markdown TableHead.swift
[18/77] Compiling Markdown TableRow.swift
[19/77] Compiling Markdown Replacement.swift
[20/77] Compiling Markdown SourceLocation.swift
[21/77] Compiling Markdown Emphasis.swift
[22/77] Compiling Markdown Image.swift
[23/77] Compiling Markdown InlineAttributes.swift
[24/77] Compiling Markdown Link.swift
[25/77] Compiling Markdown Strikethrough.swift
[26/77] Compiling Markdown Strong.swift
[27/77] Compiling Markdown CustomInline.swift
[28/77] Compiling Markdown InlineCode.swift
[29/77] Compiling Markdown InlineHTML.swift
[30/77] Emitting module Markdown
[31/77] Compiling Markdown DoxygenNote.swift
[32/77] Compiling Markdown DoxygenParameter.swift
[33/77] Compiling Markdown DoxygenReturns.swift
[34/77] Compiling Markdown ListItem.swift
[35/77] Compiling Markdown OrderedList.swift
[36/77] Compiling Markdown UnorderedList.swift
[37/77] Compiling Markdown Paragraph.swift
[38/77] Compiling Markdown PlainTextConvertibleMarkup.swift
[39/77] Compiling Markdown RawMarkup.swift
[40/77] Compiling Markdown BlockDirective.swift
[41/77] Compiling Markdown BlockQuote.swift
[42/77] Compiling Markdown CustomBlock.swift
[43/77] Compiling Markdown DoxygenAbstract.swift
[44/77] Compiling Markdown DoxygenDiscussion.swift
[45/77] Compiling Markdown CodeBlock.swift
[46/77] Compiling Markdown HTMLBlock.swift
[47/77] Compiling Markdown Heading.swift
[48/77] Compiling Markdown ThematicBreak.swift
[49/77] Compiling Markdown Table.swift
[50/77] Compiling Markdown TableBody.swift
[51/77] Compiling Markdown TableCell.swift
[52/77] Compiling Markdown CollectionExtensions.swift
[53/77] Compiling Markdown StringExtensions.swift
[54/77] Compiling Markdown MarkupVisitor.swift
[55/77] Compiling Markdown MarkupWalker.swift
[56/77] Compiling Markdown HTMLFormatter.swift
[57/77] Compiling Markdown MarkupFormatter.swift
[58/77] Compiling Markdown MarkupTreeDumper.swift
[59/77] Compiling Markdown ChildIndexPath.swift
[60/77] Compiling Markdown DirectiveArgument.swift
[61/77] Compiling Markdown Document.swift
[62/77] Compiling Markdown LiteralMarkup.swift
[63/77] Compiling Markdown Markup.swift
[64/77] Compiling Markdown MarkupChildren.swift
[65/77] Compiling Markdown MarkupData.swift
[66/77] Compiling Markdown LineBreak.swift
[67/77] Compiling Markdown SoftBreak.swift
[68/77] Compiling Markdown SymbolLink.swift
[69/77] Compiling Markdown Text.swift
[70/77] Compiling Markdown Aside.swift
[71/77] Compiling Markdown BlockDirectiveParser.swift
[72/77] Compiling Markdown CommonMarkConverter.swift
[73/103] Compiling OuroMD MenuBuilder.swift
[74/103] Compiling OuroMD OuroMDRelease.swift
[75/103] Compiling OuroMD OuroMDUpdate.swift
[76/105] Compiling OuroMD FolderBrowser.swift
[77/105] Compiling OuroMD HTMLDocument.swift
[78/105] Compiling OuroMD MarkdownRenderer.swift
[79/105] Compiling OuroMD Welcome.swift
[80/105] Compiling OuroMD WrapTest.swift
[81/105] Compiling OuroMD Themes.swift
[82/105] Compiling OuroMD UndoTest.swift
[83/105] Compiling OuroMD EditorWebView.swift
[84/105] Compiling OuroMD Export.swift
[85/105] Compiling OuroMD FileWatcher.swift
[86/105] Compiling OuroMD OuroMDUpdateInstaller.swift
[87/105] Compiling OuroMD ReleaseUpdate.swift
[88/105] Compiling OuroMD RenderProbe.swift
[89/105] Compiling OuroMD main.swift
[90/105] Compiling OuroMD resource_bundle_accessor.swift
[91/105] Compiling OuroMD AppDelegate.swift
[92/105] Compiling OuroMD AppModel.swift
[93/105] Compiling OuroMD CLI.swift
[94/105] Compiling OuroMD ContentSearcher.swift
[95/105] Compiling OuroMD ContentView.swift
[96/105] Compiling OuroMD DocumentWindowController.swift
[97/105] Emitting module OuroMD
[98/105] Compiling OuroMD RoundTrip.swift
[99/105] Compiling OuroMD Sidebar.swift
[100/105] Compiling OuroMD Snapshot.swift
[100/105] Write Objects.LinkFileList
[101/105] Linking ouro-md
[102/105] Applying ouro-md
[104/115] Compiling OuroMDTests FileWatcherTests.swift
[105/115] Compiling OuroMDTests ContentSearcherTests.swift
[106/115] Emitting module OuroMDTests
[107/115] Compiling OuroMDTests AppModelReloadTests.swift
/Users/arimendelow/Projects/ouro-md/Tests/OuroMDTests/AppModelReloadTests.swift:96:22: warning: instance will be immediately deallocated because property 'bridge' is 'weak'
 94 | 
 95 |         let model = AppModel()
 96 |         model.bridge = MockBridge()          // bridge present...
    |                      |- warning: instance will be immediately deallocated because property 'bridge' is 'weak'
    |                      `- note: a strong reference is required to prevent the instance from being deallocated
 97 |         model.loadInitialFile(url.path)      // ...but editorDidBecomeReady NOT called → not ready
 98 |         model.save()

/Users/arimendelow/Projects/ouro-md/Sources/OuroMD/AppModel.swift:78:14: note: 'bridge' declared here
 76 |     @Published var searchRegexp = false
 77 | 
 78 |     weak var bridge: EditorBridge?
    |              `- note: 'bridge' declared here
 79 |     /// Invoked whenever window-chrome-relevant state changes.
 80 |     var onChromeUpdate: (() -> Void)?

/Users/arimendelow/Projects/ouro-md/Tests/OuroMDTests/AppModelReloadTests.swift:118:22: warning: instance will be immediately deallocated because property 'bridge' is 'weak'
116 | 
117 |         let model = AppModel()
118 |         model.bridge = MockBridge()
    |                      |- warning: instance will be immediately deallocated because property 'bridge' is 'weak'
    |                      `- note: a strong reference is required to prevent the instance from being deallocated
119 |         model.editorDidBecomeReady()
120 |         model.loadInitialFile(url.path)

/Users/arimendelow/Projects/ouro-md/Sources/OuroMD/AppModel.swift:78:14: note: 'bridge' declared here
 76 |     @Published var searchRegexp = false
 77 | 
 78 |     weak var bridge: EditorBridge?
    |              `- note: 'bridge' declared here
 79 |     /// Invoked whenever window-chrome-relevant state changes.
 80 |     var onChromeUpdate: (() -> Void)?

/Users/arimendelow/Projects/ouro-md/Tests/OuroMDTests/AppModelReloadTests.swift:141:22: warning: instance will be immediately deallocated because property 'bridge' is 'weak'
139 | 
140 |         let model = AppModel()
141 |         model.bridge = MockBridge()
    |                      |- warning: instance will be immediately deallocated because property 'bridge' is 'weak'
    |                      `- note: a strong reference is required to prevent the instance from being deallocated
142 |         model.editorDidBecomeReady()
143 |         model.loadInitialFile(url.path)

/Users/arimendelow/Projects/ouro-md/Sources/OuroMD/AppModel.swift:78:14: note: 'bridge' declared here
 76 |     @Published var searchRegexp = false
 77 | 
 78 |     weak var bridge: EditorBridge?
    |              `- note: 'bridge' declared here
 79 |     /// Invoked whenever window-chrome-relevant state changes.
 80 |     var onChromeUpdate: (() -> Void)?

/Users/arimendelow/Projects/ouro-md/Tests/OuroMDTests/AppModelReloadTests.swift:162:22: warning: instance will be immediately deallocated because property 'bridge' is 'weak'
160 | 
161 |         let model = AppModel()
162 |         model.bridge = MockBridge()
    |                      |- warning: instance will be immediately deallocated because property 'bridge' is 'weak'
    |                      `- note: a strong reference is required to prevent the instance from being deallocated
163 |         model.editorDidBecomeReady()
164 |         model.loadInitialFile(url.path)

/Users/arimendelow/Projects/ouro-md/Sources/OuroMD/AppModel.swift:78:14: note: 'bridge' declared here
 76 |     @Published var searchRegexp = false
 77 | 
 78 |     weak var bridge: EditorBridge?
    |              `- note: 'bridge' declared here
 79 |     /// Invoked whenever window-chrome-relevant state changes.
 80 |     var onChromeUpdate: (() -> Void)?

/Users/arimendelow/Projects/ouro-md/Tests/OuroMDTests/AppModelReloadTests.swift:182:22: warning: instance will be immediately deallocated because property 'bridge' is 'weak'
180 | 
181 |         let model = AppModel()
182 |         model.bridge = MockBridge()
    |                      |- warning: instance will be immediately deallocated because property 'bridge' is 'weak'
    |                      `- note: a strong reference is required to prevent the instance from being deallocated
183 |         model.editorDidBecomeReady()
184 |         model.loadInitialFile(url.path)

/Users/arimendelow/Projects/ouro-md/Sources/OuroMD/AppModel.swift:78:14: note: 'bridge' declared here
 76 |     @Published var searchRegexp = false
 77 | 
 78 |     weak var bridge: EditorBridge?
    |              `- note: 'bridge' declared here
 79 |     /// Invoked whenever window-chrome-relevant state changes.
 80 |     var onChromeUpdate: (() -> Void)?

/Users/arimendelow/Projects/ouro-md/Tests/OuroMDTests/AppModelReloadTests.swift:96:22: warning: weak reference will always be nil because the referenced object is deallocated here
 94 | 
 95 |         let model = AppModel()
 96 |         model.bridge = MockBridge()          // bridge present...
    |                      `- warning: weak reference will always be nil because the referenced object is deallocated here
 97 |         model.loadInitialFile(url.path)      // ...but editorDidBecomeReady NOT called → not ready
 98 |         model.save()

/Users/arimendelow/Projects/ouro-md/Tests/OuroMDTests/AppModelReloadTests.swift:118:22: warning: weak reference will always be nil because the referenced object is deallocated here
116 | 
117 |         let model = AppModel()
118 |         model.bridge = MockBridge()
    |                      `- warning: weak reference will always be nil because the referenced object is deallocated here
119 |         model.editorDidBecomeReady()
120 |         model.loadInitialFile(url.path)

/Users/arimendelow/Projects/ouro-md/Tests/OuroMDTests/AppModelReloadTests.swift:141:22: warning: weak reference will always be nil because the referenced object is deallocated here
139 | 
140 |         let model = AppModel()
141 |         model.bridge = MockBridge()
    |                      `- warning: weak reference will always be nil because the referenced object is deallocated here
142 |         model.editorDidBecomeReady()
143 |         model.loadInitialFile(url.path)

/Users/arimendelow/Projects/ouro-md/Tests/OuroMDTests/AppModelReloadTests.swift:162:22: warning: weak reference will always be nil because the referenced object is deallocated here
160 | 
161 |         let model = AppModel()
162 |         model.bridge = MockBridge()
    |                      `- warning: weak reference will always be nil because the referenced object is deallocated here
163 |         model.editorDidBecomeReady()
164 |         model.loadInitialFile(url.path)

/Users/arimendelow/Projects/ouro-md/Tests/OuroMDTests/AppModelReloadTests.swift:182:22: warning: weak reference will always be nil because the referenced object is deallocated here
180 | 
181 |         let model = AppModel()
182 |         model.bridge = MockBridge()
    |                      `- warning: weak reference will always be nil because the referenced object is deallocated here
183 |         model.editorDidBecomeReady()
184 |         model.loadInitialFile(url.path)
[108/115] Compiling OuroMDTests OuroMDUpdateInstallerTests.swift
[109/115] Compiling OuroMDTests FolderBrowserTests.swift
[110/115] Compiling OuroMDTests MarkdownRendererTests.swift
[111/115] Compiling OuroMDTests MarkdownTidyTests.swift
[112/115] Compiling OuroMDTests OuroMDUpdateTests.swift
[113/115] Compiling OuroMDTests OutlineTreeTests.swift
[114/116] Compiling OuroMDTests ReleaseUpdateTests.swift
[115/118] Emitting module ouro_mdPackageTests
[116/118] Compiling ouro_mdPackageTests runner.swift
[116/118] Write Objects.LinkFileList
[117/118] Linking ouro-mdPackageTests
Build complete! (6.64s)
Test Suite 'All tests' started at 2026-06-14 16:32:41.562.
Test Suite 'ouro-mdPackageTests.xctest' started at 2026-06-14 16:32:41.563.
Test Suite 'AppModelReloadTests' started at 2026-06-14 16:32:41.563.
Test Case '-[OuroMDTests.AppModelReloadTests testExternalEditTriggersLiveReload]' started.
Test Case '-[OuroMDTests.AppModelReloadTests testExternalEditTriggersLiveReload]' passed (0.562 seconds).
Test Case '-[OuroMDTests.AppModelReloadTests testOwnSaveDoesNotSelfReload]' started.
Test Case '-[OuroMDTests.AppModelReloadTests testOwnSaveDoesNotSelfReload]' passed (1.045 seconds).
Test Case '-[OuroMDTests.AppModelReloadTests testRenameCaseOnlyIsAllowed]' started.
Test Case '-[OuroMDTests.AppModelReloadTests testRenameCaseOnlyIsAllowed]' passed (0.007 seconds).
Test Case '-[OuroMDTests.AppModelReloadTests testRenameMovesFileAndRetargetsModel]' started.
Test Case '-[OuroMDTests.AppModelReloadTests testRenameMovesFileAndRetargetsModel]' passed (0.007 seconds).
Test Case '-[OuroMDTests.AppModelReloadTests testRenameRefusesCollision]' started.
Test Case '-[OuroMDTests.AppModelReloadTests testRenameRefusesCollision]' passed (0.007 seconds).
Test Case '-[OuroMDTests.AppModelReloadTests testRenameWithoutExtensionKeepsOriginal]' started.
Test Case '-[OuroMDTests.AppModelReloadTests testRenameWithoutExtensionKeepsOriginal]' passed (0.011 seconds).
Test Case '-[OuroMDTests.AppModelReloadTests testSaveBeforeEditorReadyDoesNotEmptyFile]' started.
Test Case '-[OuroMDTests.AppModelReloadTests testSaveBeforeEditorReadyDoesNotEmptyFile]' passed (0.431 seconds).
Test Suite 'AppModelReloadTests' passed at 2026-06-14 16:32:43.633.
	 Executed 7 tests, with 0 failures (0 unexpected) in 2.070 (2.070) seconds
Test Suite 'ContentSearcherTests' started at 2026-06-14 16:32:43.633.
Test Case '-[OuroMDTests.ContentSearcherTests testCaseSensitiveOption]' started.
Test Case '-[OuroMDTests.ContentSearcherTests testCaseSensitiveOption]' passed (0.012 seconds).
Test Case '-[OuroMDTests.ContentSearcherTests testStreamsRankedResultsWithSnippets]' started.
Test Case '-[OuroMDTests.ContentSearcherTests testStreamsRankedResultsWithSnippets]' passed (0.010 seconds).
Test Suite 'ContentSearcherTests' passed at 2026-06-14 16:32:43.655.
	 Executed 2 tests, with 0 failures (0 unexpected) in 0.021 (0.022) seconds
Test Suite 'FileWatcherTests' started at 2026-06-14 16:32:43.655.
Test Case '-[OuroMDTests.FileWatcherTests testDetectsInPlaceWrite]' started.
Test Case '-[OuroMDTests.FileWatcherTests testDetectsInPlaceWrite]' passed (0.445 seconds).
Test Case '-[OuroMDTests.FileWatcherTests testReArmsAcrossAtomicReplace]' started.
Test Case '-[OuroMDTests.FileWatcherTests testReArmsAcrossAtomicReplace]' passed (0.454 seconds).
Test Suite 'FileWatcherTests' passed at 2026-06-14 16:32:44.555.
	 Executed 2 tests, with 0 failures (0 unexpected) in 0.899 (0.900) seconds
Test Suite 'FolderBrowserTests' started at 2026-06-14 16:32:44.555.
Test Case '-[OuroMDTests.FolderBrowserTests testFlatListIncludesOnlyOpenableFiles]' started.
Test Case '-[OuroMDTests.FolderBrowserTests testFlatListIncludesOnlyOpenableFiles]' passed (0.005 seconds).
Test Case '-[OuroMDTests.FolderBrowserTests testNameSortIsNatural]' started.
Test Case '-[OuroMDTests.FolderBrowserTests testNameSortIsNatural]' passed (0.006 seconds).
Test Case '-[OuroMDTests.FolderBrowserTests testOpenFolderPopulatesModelAndFilter]' started.
Test Case '-[OuroMDTests.FolderBrowserTests testOpenFolderPopulatesModelAndFilter]' passed (0.634 seconds).
Test Case '-[OuroMDTests.FolderBrowserTests testReadsNonUTF8File]' started.
Test Case '-[OuroMDTests.FolderBrowserTests testReadsNonUTF8File]' passed (0.003 seconds).
Test Case '-[OuroMDTests.FolderBrowserTests testSymlinkCycleDoesNotCrashOrRecurse]' started.
Test Case '-[OuroMDTests.FolderBrowserTests testSymlinkCycleDoesNotCrashOrRecurse]' passed (0.003 seconds).
Test Case '-[OuroMDTests.FolderBrowserTests testTreeGroupsDirsFirstAndPrunesEmpties]' started.
Test Case '-[OuroMDTests.FolderBrowserTests testTreeGroupsDirsFirstAndPrunesEmpties]' passed (0.002 seconds).
Test Suite 'FolderBrowserTests' passed at 2026-06-14 16:32:45.207.
	 Executed 6 tests, with 0 failures (0 unexpected) in 0.651 (0.652) seconds
Test Suite 'MarkdownRendererTests' started at 2026-06-14 16:32:45.207.
Test Case '-[OuroMDTests.MarkdownRendererTests testBlockQuote]' started.
Test Case '-[OuroMDTests.MarkdownRendererTests testBlockQuote]' passed (0.001 seconds).
Test Case '-[OuroMDTests.MarkdownRendererTests testBoldAndItalic]' started.
Test Case '-[OuroMDTests.MarkdownRendererTests testBoldAndItalic]' passed (0.000 seconds).
Test Case '-[OuroMDTests.MarkdownRendererTests testDocumentWrap]' started.
Test Case '-[OuroMDTests.MarkdownRendererTests testDocumentWrap]' passed (0.000 seconds).
Test Case '-[OuroMDTests.MarkdownRendererTests testFencedCodeBlock]' started.
Test Case '-[OuroMDTests.MarkdownRendererTests testFencedCodeBlock]' passed (0.000 seconds).
Test Case '-[OuroMDTests.MarkdownRendererTests testHeading]' started.
Test Case '-[OuroMDTests.MarkdownRendererTests testHeading]' passed (0.000 seconds).
Test Case '-[OuroMDTests.MarkdownRendererTests testHeadingHasSlugID]' started.
Test Case '-[OuroMDTests.MarkdownRendererTests testHeadingHasSlugID]' passed (0.000 seconds).
Test Case '-[OuroMDTests.MarkdownRendererTests testHTMLEscaping]' started.
Test Case '-[OuroMDTests.MarkdownRendererTests testHTMLEscaping]' passed (0.000 seconds).
Test Case '-[OuroMDTests.MarkdownRendererTests testImageAlt]' started.
Test Case '-[OuroMDTests.MarkdownRendererTests testImageAlt]' passed (0.000 seconds).
Test Case '-[OuroMDTests.MarkdownRendererTests testInlineCode]' started.
Test Case '-[OuroMDTests.MarkdownRendererTests testInlineCode]' passed (0.000 seconds).
Test Case '-[OuroMDTests.MarkdownRendererTests testLink]' started.
Test Case '-[OuroMDTests.MarkdownRendererTests testLink]' passed (0.000 seconds).
Test Case '-[OuroMDTests.MarkdownRendererTests testOrderedList]' started.
Test Case '-[OuroMDTests.MarkdownRendererTests testOrderedList]' passed (0.000 seconds).
Test Case '-[OuroMDTests.MarkdownRendererTests testStrikethrough]' started.
Test Case '-[OuroMDTests.MarkdownRendererTests testStrikethrough]' passed (0.000 seconds).
Test Case '-[OuroMDTests.MarkdownRendererTests testTable]' started.
Test Case '-[OuroMDTests.MarkdownRendererTests testTable]' passed (0.000 seconds).
Test Case '-[OuroMDTests.MarkdownRendererTests testTaskList]' started.
Test Case '-[OuroMDTests.MarkdownRendererTests testTaskList]' passed (0.000 seconds).
Test Case '-[OuroMDTests.MarkdownRendererTests testThematicBreak]' started.
Test Case '-[OuroMDTests.MarkdownRendererTests testThematicBreak]' passed (0.000 seconds).
Test Case '-[OuroMDTests.MarkdownRendererTests testThemeStore]' started.
Test Case '-[OuroMDTests.MarkdownRendererTests testThemeStore]' passed (0.000 seconds).
Test Case '-[OuroMDTests.MarkdownRendererTests testUnorderedList]' started.
Test Case '-[OuroMDTests.MarkdownRendererTests testUnorderedList]' passed (0.000 seconds).
Test Suite 'MarkdownRendererTests' passed at 2026-06-14 16:32:45.211.
	 Executed 17 tests, with 0 failures (0 unexpected) in 0.004 (0.005) seconds
Test Suite 'MarkdownTidyTests' started at 2026-06-14 16:32:45.211.
Test Case '-[OuroMDTests.MarkdownTidyTests testCollapsesConsecutiveBlankLines]' started.
Test Case '-[OuroMDTests.MarkdownTidyTests testCollapsesConsecutiveBlankLines]' passed (0.000 seconds).
Test Case '-[OuroMDTests.MarkdownTidyTests testDoesNotTouchFencedCode]' started.
Test Case '-[OuroMDTests.MarkdownTidyTests testDoesNotTouchFencedCode]' passed (0.000 seconds).
Test Case '-[OuroMDTests.MarkdownTidyTests testExpandsTableSeparator]' started.
Test Case '-[OuroMDTests.MarkdownTidyTests testExpandsTableSeparator]' passed (0.000 seconds).
Test Case '-[OuroMDTests.MarkdownTidyTests testLeavesHorizontalRuleAlone]' started.
Test Case '-[OuroMDTests.MarkdownTidyTests testLeavesHorizontalRuleAlone]' passed (0.000 seconds).
Test Case '-[OuroMDTests.MarkdownTidyTests testNonTableContentUnchanged]' started.
Test Case '-[OuroMDTests.MarkdownTidyTests testNonTableContentUnchanged]' passed (0.000 seconds).
Test Case '-[OuroMDTests.MarkdownTidyTests testPreservesTableAlignment]' started.
Test Case '-[OuroMDTests.MarkdownTidyTests testPreservesTableAlignment]' passed (0.000 seconds).
Test Suite 'MarkdownTidyTests' passed at 2026-06-14 16:32:45.212.
	 Executed 6 tests, with 0 failures (0 unexpected) in 0.001 (0.001) seconds
Test Suite 'OuroMDUpdateInstallerTests' started at 2026-06-14 16:32:45.212.
Test Case '-[OuroMDTests.OuroMDUpdateInstallerTests testApplyScriptDoesNotDeleteBackupBeforeDestinationShapeIsProven]' started.
Test Case '-[OuroMDTests.OuroMDUpdateInstallerTests testApplyScriptDoesNotDeleteBackupBeforeDestinationShapeIsProven]' passed (0.001 seconds).
Test Case '-[OuroMDTests.OuroMDUpdateInstallerTests testApplyScriptFailsFastAroundBackupInstallAndRollback]' started.
Test Case '-[OuroMDTests.OuroMDUpdateInstallerTests testApplyScriptFailsFastAroundBackupInstallAndRollback]' passed (0.000 seconds).
Test Case '-[OuroMDTests.OuroMDUpdateInstallerTests testApplyScriptRestoresStaleBackupBeforeTryingNewInstall]' started.
ditto: Cannot get the real path for source '/var/folders/md/_fkq3wc92_z55cgtlrfrcfh40000gn/T/ouro-apply-stale-backup-FEACB152-74EB-45FF-BA7F-71980997E34F/missing-staged/Ouro MD.app'
Test Case '-[OuroMDTests.OuroMDUpdateInstallerTests testApplyScriptRestoresStaleBackupBeforeTryingNewInstall]' passed (0.074 seconds).
Test Case '-[OuroMDTests.OuroMDUpdateInstallerTests testApplyScriptRunsInTemporaryDirectoryWithoutNestingUpdatedApp]' started.
Test Case '-[OuroMDTests.OuroMDUpdateInstallerTests testApplyScriptRunsInTemporaryDirectoryWithoutNestingUpdatedApp]' passed (0.134 seconds).
Test Case '-[OuroMDTests.OuroMDUpdateInstallerTests testStageSucceedsAfterManifestArchiveExtractedBundleAndCodesignVerify]' started.
Test Case '-[OuroMDTests.OuroMDUpdateInstallerTests testStageSucceedsAfterManifestArchiveExtractedBundleAndCodesignVerify]' passed (0.001 seconds).
Test Case '-[OuroMDTests.OuroMDUpdateInstallerTests testStageThrowsOnArchiveNameMismatch]' started.
Test Case '-[OuroMDTests.OuroMDUpdateInstallerTests testStageThrowsOnArchiveNameMismatch]' passed (0.001 seconds).
Test Case '-[OuroMDTests.OuroMDUpdateInstallerTests testStageThrowsOnBundleIdentifierMismatch]' started.
Test Case '-[OuroMDTests.OuroMDUpdateInstallerTests testStageThrowsOnBundleIdentifierMismatch]' passed (0.001 seconds).
Test Case '-[OuroMDTests.OuroMDUpdateInstallerTests testStageThrowsOnByteCountMismatch]' started.
Test Case '-[OuroMDTests.OuroMDUpdateInstallerTests testStageThrowsOnByteCountMismatch]' passed (0.001 seconds).
Test Case '-[OuroMDTests.OuroMDUpdateInstallerTests testStageThrowsOnCodesignFailure]' started.
Test Case '-[OuroMDTests.OuroMDUpdateInstallerTests testStageThrowsOnCodesignFailure]' passed (0.001 seconds).
Test Case '-[OuroMDTests.OuroMDUpdateInstallerTests testStageThrowsOnManifestDecodeFailure]' started.
Test Case '-[OuroMDTests.OuroMDUpdateInstallerTests testStageThrowsOnManifestDecodeFailure]' passed (0.001 seconds).
Test Case '-[OuroMDTests.OuroMDUpdateInstallerTests testStageThrowsOnMissingStagedApp]' started.
Test Case '-[OuroMDTests.OuroMDUpdateInstallerTests testStageThrowsOnMissingStagedApp]' passed (0.001 seconds).
Test Case '-[OuroMDTests.OuroMDUpdateInstallerTests testStageThrowsOnNonNewerVersion]' started.
Test Case '-[OuroMDTests.OuroMDUpdateInstallerTests testStageThrowsOnNonNewerVersion]' passed (0.001 seconds).
Test Case '-[OuroMDTests.OuroMDUpdateInstallerTests testStageThrowsOnSHAMismatch]' started.
Test Case '-[OuroMDTests.OuroMDUpdateInstallerTests testStageThrowsOnSHAMismatch]' passed (0.001 seconds).
Test Case '-[OuroMDTests.OuroMDUpdateInstallerTests testStageThrowsOnStagedBundleIdentifierMismatch]' started.
Test Case '-[OuroMDTests.OuroMDUpdateInstallerTests testStageThrowsOnStagedBundleIdentifierMismatch]' passed (0.001 seconds).
Test Case '-[OuroMDTests.OuroMDUpdateInstallerTests testStageThrowsOnStagedVersionMismatch]' started.
Test Case '-[OuroMDTests.OuroMDUpdateInstallerTests testStageThrowsOnStagedVersionMismatch]' passed (0.001 seconds).
Test Suite 'OuroMDUpdateInstallerTests' passed at 2026-06-14 16:32:45.431.
	 Executed 15 tests, with 0 failures (0 unexpected) in 0.218 (0.219) seconds
Test Suite 'OuroMDUpdateTests' started at 2026-06-14 16:32:45.431.
Test Case '-[OuroMDTests.OuroMDUpdateTests testAutoUpdatePolicyChecksAfterInterval]' started.
Test Case '-[OuroMDTests.OuroMDUpdateTests testAutoUpdatePolicyChecksAfterInterval]' passed (0.000 seconds).
Test Case '-[OuroMDTests.OuroMDUpdateTests testAutoUpdatePolicyChecksWhenNeverCheckedBefore]' started.
Test Case '-[OuroMDTests.OuroMDUpdateTests testAutoUpdatePolicyChecksWhenNeverCheckedBefore]' passed (0.000 seconds).
Test Case '-[OuroMDTests.OuroMDUpdateTests testAutoUpdatePolicySkipsWhenDisabled]' started.
Test Case '-[OuroMDTests.OuroMDUpdateTests testAutoUpdatePolicySkipsWhenDisabled]' passed (0.000 seconds).
Test Case '-[OuroMDTests.OuroMDUpdateTests testAutoUpdatePolicyThrottlesWithinInterval]' started.
Test Case '-[OuroMDTests.OuroMDUpdateTests testAutoUpdatePolicyThrottlesWithinInterval]' passed (0.000 seconds).
Test Case '-[OuroMDTests.OuroMDUpdateTests testManifestDecodesFromReleaseJSON]' started.
Test Case '-[OuroMDTests.OuroMDUpdateTests testManifestDecodesFromReleaseJSON]' passed (0.000 seconds).
Test Case '-[OuroMDTests.OuroMDUpdateTests testPlanFailsWhenArchiveMissing]' started.
Test Case '-[OuroMDTests.OuroMDUpdateTests testPlanFailsWhenArchiveMissing]' passed (0.000 seconds).
Test Case '-[OuroMDTests.OuroMDUpdateTests testPlanFailsWhenAssetURLIsInvalid]' started.
Test Case '-[OuroMDTests.OuroMDUpdateTests testPlanFailsWhenAssetURLIsInvalid]' passed (0.000 seconds).
Test Case '-[OuroMDTests.OuroMDUpdateTests testPlanFailsWhenManifestMissing]' started.
Test Case '-[OuroMDTests.OuroMDUpdateTests testPlanFailsWhenManifestMissing]' passed (0.000 seconds).
Test Case '-[OuroMDTests.OuroMDUpdateTests testPlanFailsWhenNotAnUpdate]' started.
Test Case '-[OuroMDTests.OuroMDUpdateTests testPlanFailsWhenNotAnUpdate]' passed (0.000 seconds).
Test Case '-[OuroMDTests.OuroMDUpdateTests testPlanPicksZipAndManifestAssets]' started.
Test Case '-[OuroMDTests.OuroMDUpdateTests testPlanPicksZipAndManifestAssets]' passed (0.000 seconds).
Test Case '-[OuroMDTests.OuroMDUpdateTests testVerifyFailsOnBundleIdentifierMismatch]' started.
Test Case '-[OuroMDTests.OuroMDUpdateTests testVerifyFailsOnBundleIdentifierMismatch]' passed (0.000 seconds).
Test Case '-[OuroMDTests.OuroMDUpdateTests testVerifyFailsOnByteCountMismatch]' started.
Test Case '-[OuroMDTests.OuroMDUpdateTests testVerifyFailsOnByteCountMismatch]' passed (0.000 seconds).
Test Case '-[OuroMDTests.OuroMDUpdateTests testVerifyFailsOnSHAMismatch]' started.
Test Case '-[OuroMDTests.OuroMDUpdateTests testVerifyFailsOnSHAMismatch]' passed (0.000 seconds).
Test Case '-[OuroMDTests.OuroMDUpdateTests testVerifyFailsWhenArchiveNameDiffersFromManifest]' started.
Test Case '-[OuroMDTests.OuroMDUpdateTests testVerifyFailsWhenArchiveNameDiffersFromManifest]' passed (0.000 seconds).
Test Case '-[OuroMDTests.OuroMDUpdateTests testVerifyFailsWhenNotNewerThanCurrent]' started.
Test Case '-[OuroMDTests.OuroMDUpdateTests testVerifyFailsWhenNotNewerThanCurrent]' passed (0.000 seconds).
Test Case '-[OuroMDTests.OuroMDUpdateTests testVerifyFailsWhenVersionCannotBeCompared]' started.
Test Case '-[OuroMDTests.OuroMDUpdateTests testVerifyFailsWhenVersionCannotBeCompared]' passed (0.000 seconds).
Test Case '-[OuroMDTests.OuroMDUpdateTests testVerifyPassesWhenEverythingMatches]' started.
Test Case '-[OuroMDTests.OuroMDUpdateTests testVerifyPassesWhenEverythingMatches]' passed (0.000 seconds).
Test Suite 'OuroMDUpdateTests' passed at 2026-06-14 16:32:45.435.
	 Executed 17 tests, with 0 failures (0 unexpected) in 0.002 (0.003) seconds
Test Suite 'OutlineTreeTests' started at 2026-06-14 16:32:45.435.
Test Case '-[OuroMDTests.OutlineTreeTests testHandlesLeadingDeepHeading]' started.
Test Case '-[OuroMDTests.OutlineTreeTests testHandlesLeadingDeepHeading]' passed (0.000 seconds).
Test Case '-[OuroMDTests.OutlineTreeTests testNestsByLevel]' started.
Test Case '-[OuroMDTests.OutlineTreeTests testNestsByLevel]' passed (0.000 seconds).
Test Suite 'OutlineTreeTests' passed at 2026-06-14 16:32:45.435.
	 Executed 2 tests, with 0 failures (0 unexpected) in 0.000 (0.000) seconds
Test Suite 'ReleaseUpdateTests' started at 2026-06-14 16:32:45.435.
Test Case '-[OuroMDTests.ReleaseUpdateTests testAsyncCheckReturnsUnavailableSnapshotOnNetworkFailure]' started.
Test Case '-[OuroMDTests.ReleaseUpdateTests testAsyncCheckReturnsUnavailableSnapshotOnNetworkFailure]' passed (0.000 seconds).
Test Case '-[OuroMDTests.ReleaseUpdateTests testDefaultConfigurationTargetsOuroMDGitHubReleases]' started.
Test Case '-[OuroMDTests.ReleaseUpdateTests testDefaultConfigurationTargetsOuroMDGitHubReleases]' passed (0.000 seconds).
Test Case '-[OuroMDTests.ReleaseUpdateTests testDefaultLoaderSendsExpectedGitHubRequestAndReturnsBody]' started.
Test Case '-[OuroMDTests.ReleaseUpdateTests testDefaultLoaderSendsExpectedGitHubRequestAndReturnsBody]' passed (0.010 seconds).
Test Case '-[OuroMDTests.ReleaseUpdateTests testDefaultLoaderThrowsOnNonSuccessStatus]' started.
Test Case '-[OuroMDTests.ReleaseUpdateTests testDefaultLoaderThrowsOnNonSuccessStatus]' passed (0.001 seconds).
Test Case '-[OuroMDTests.ReleaseUpdateTests testReleaseDescriptorMatchesCurrentDistribution]' started.
Test Case '-[OuroMDTests.ReleaseUpdateTests testReleaseDescriptorMatchesCurrentDistribution]' passed (0.000 seconds).
Test Case '-[OuroMDTests.ReleaseUpdateTests testSnapshotIgnoresDraftsAndReportsNoPublishedRelease]' started.
Test Case '-[OuroMDTests.ReleaseUpdateTests testSnapshotIgnoresDraftsAndReportsNoPublishedRelease]' passed (0.000 seconds).
Test Case '-[OuroMDTests.ReleaseUpdateTests testSnapshotIgnoresPrereleasesAndUsesLatestStableRelease]' started.
Test Case '-[OuroMDTests.ReleaseUpdateTests testSnapshotIgnoresPrereleasesAndUsesLatestStableRelease]' passed (0.000 seconds).
Test Case '-[OuroMDTests.ReleaseUpdateTests testSnapshotReportsCurrentWhenLatestIsNotNewer]' started.
Test Case '-[OuroMDTests.ReleaseUpdateTests testSnapshotReportsCurrentWhenLatestIsNotNewer]' passed (0.000 seconds).
Test Case '-[OuroMDTests.ReleaseUpdateTests testSnapshotReportsUnavailableWhenReleaseTagCannotBeCompared]' started.
Test Case '-[OuroMDTests.ReleaseUpdateTests testSnapshotReportsUnavailableWhenReleaseTagCannotBeCompared]' passed (0.000 seconds).
Test Case '-[OuroMDTests.ReleaseUpdateTests testSnapshotReportsUpdateAvailableFromLatestPublishedRelease]' started.
Test Case '-[OuroMDTests.ReleaseUpdateTests testSnapshotReportsUpdateAvailableFromLatestPublishedRelease]' passed (0.000 seconds).
Test Case '-[OuroMDTests.ReleaseUpdateTests testSnapshotThrowsOnMalformedReleaseJSON]' started.
Test Case '-[OuroMDTests.ReleaseUpdateTests testSnapshotThrowsOnMalformedReleaseJSON]' passed (0.000 seconds).
Test Suite 'ReleaseUpdateTests' passed at 2026-06-14 16:32:45.448.
	 Executed 11 tests, with 0 failures (0 unexpected) in 0.012 (0.013) seconds
Test Suite 'ouro-mdPackageTests.xctest' passed at 2026-06-14 16:32:45.448.
	 Executed 85 tests, with 0 failures (0 unexpected) in 3.880 (3.885) seconds
Test Suite 'All tests' passed at 2026-06-14 16:32:45.448.
	 Executed 85 tests, with 0 failures (0 unexpected) in 3.880 (3.886) seconds
◇ Test run started.
↳ Testing Library Version: 1902
↳ Target Platform: arm64e-apple-macos14.0
✔ Test run with 0 tests in 0 suites passed after 0.001 seconds.
