/Users/arimendelow/Projects/ouro-md/Sources/OuroMD/Sidebar.swift:142:                        .accessibilityLabel("Clear filter")
/Users/arimendelow/Projects/ouro-md/Sources/OuroMD/Sidebar.swift:199:        .accessibilityLabel(node.name)
/Users/arimendelow/Projects/ouro-md/Sources/OuroMD/Sidebar.swift:209:            .help(model.useTreeView ? "Switch to File List view" : "Switch to File Tree view")
/Users/arimendelow/Projects/ouro-md/Sources/OuroMD/Sidebar.swift:210:            .accessibilityLabel(model.useTreeView ? "Switch to File List view" : "Switch to File Tree view")
/Users/arimendelow/Projects/ouro-md/Sources/OuroMD/Sidebar.swift:218:            .accessibilityLabel("Open Folder")
/Users/arimendelow/Projects/ouro-md/Sources/OuroMD/Sidebar.swift:219:            .accessibilityValue(model.mountedFolderName)
/Users/arimendelow/Projects/ouro-md/Sources/OuroMD/Sidebar.swift:230:            .help("Sort")
/Users/arimendelow/Projects/ouro-md/Sources/OuroMD/Sidebar.swift:231:            .accessibilityLabel("Sort files")
/Users/arimendelow/Projects/ouro-md/Sources/OuroMD/Sidebar.swift:234:                .buttonStyle(.plain).help("New File")
/Users/arimendelow/Projects/ouro-md/Sources/OuroMD/Sidebar.swift:235:                .accessibilityLabel("New File")
/Users/arimendelow/Projects/ouro-md/Sources/OuroMD/Sidebar.swift:346:        .buttonStyle(.plain).help(help)
/Users/arimendelow/Projects/ouro-md/Sources/OuroMD/Sidebar.swift:347:        .accessibilityLabel(help)
/Users/arimendelow/Projects/ouro-md/Sources/OuroMD/Sidebar.swift:348:        .accessibilityValue(isOn ? "on" : "off")
/Users/arimendelow/Projects/ouro-md/Sources/OuroMD/Sidebar.swift:382:                    .accessibilityLabel("Previous match")
/Users/arimendelow/Projects/ouro-md/Sources/OuroMD/Sidebar.swift:384:                    .accessibilityLabel("Next match")
/Users/arimendelow/Projects/ouro-md/Sources/OuroMD/Sidebar.swift:386:                    .buttonStyle(.plain).help("Toggle Replace")
/Users/arimendelow/Projects/ouro-md/Sources/OuroMD/Sidebar.swift:387:                    .accessibilityLabel("Toggle Replace")
/Users/arimendelow/Projects/ouro-md/Sources/OuroMD/Sidebar.swift:389:                    .accessibilityLabel("Close Find")
/Users/arimendelow/Projects/ouro-md/Sources/OuroMD/Sidebar.swift:417:        .buttonStyle(.plain).help(help)
/Users/arimendelow/Projects/ouro-md/Sources/OuroMD/Sidebar.swift:418:        .accessibilityLabel(help)
/Users/arimendelow/Projects/ouro-md/Sources/OuroMD/Sidebar.swift:419:        .accessibilityValue(isOn ? "on" : "off")
missing value, missing value, missing value, missing value, Untitled, AXSplitGroup, AXButton, AXButton, AXButton, AXStaticText, split group, close button, full screen button, minimize button, text
